TN:
SF:/home/alexander/Documents/www/revsw-portal/code/dev/js/datatables.net/date-moment-ext.js
FN:4,(anonymous_1)
FN:10,(anonymous_2)
FN:12,(anonymous_3)
FN:16,(anonymous_4)
FN:39,(anonymous_5)
FN:62,(anonymous_6)
FN:74,(anonymous_7)
FN:88,(anonymous_8)
FNF:8
FNH:0
FNDA:0,(anonymous_1)
FNDA:0,(anonymous_2)
FNDA:0,(anonymous_3)
FNDA:0,(anonymous_4)
FNDA:0,(anonymous_5)
FNDA:0,(anonymous_6)
FNDA:0,(anonymous_7)
FNDA:0,(anonymous_8)
DA:4,0
DA:5,0
DA:6,0
DA:8,0
DA:12,0
DA:13,0
DA:16,0
DA:17,0
DA:19,0
DA:20,0
DA:24,0
DA:28,0
DA:30,0
DA:33,0
DA:39,0
DA:40,0
DA:42,0
DA:43,0
DA:47,0
DA:49,0
DA:57,0
DA:58,0
DA:61,0
DA:63,0
DA:65,0
DA:66,0
DA:69,0
DA:71,0
DA:75,0
DA:76,0
DA:77,0
DA:78,0
DA:79,0
DA:81,0
DA:84,0
DA:89,0
DA:90,0
DA:91,0
DA:92,0
DA:93,0
DA:95,0
DA:98,0
LF:42
LH:0
BRDA:5,1,0,0
BRDA:5,1,1,0
BRDA:5,2,0,0
BRDA:5,2,1,0
BRDA:17,3,0,0
BRDA:17,3,1,0
BRDA:19,4,0,0
BRDA:19,4,1,0
BRDA:28,5,0,0
BRDA:28,5,1,0
BRDA:28,6,0,0
BRDA:28,6,1,0
BRDA:33,7,0,0
BRDA:33,7,1,0
BRDA:40,8,0,0
BRDA:40,8,1,0
BRDA:42,9,0,0
BRDA:42,9,1,0
BRDA:49,10,0,0
BRDA:49,10,1,0
BRDA:49,11,0,0
BRDA:49,11,1,0
BRDA:63,12,0,0
BRDA:63,12,1,0
BRDA:65,13,0,0
BRDA:65,13,1,0
BRDA:75,14,0,0
BRDA:75,14,1,0
BRDA:75,15,0,0
BRDA:75,15,1,0
BRDA:76,16,0,0
BRDA:76,16,1,0
BRDA:78,17,0,0
BRDA:78,17,1,0
BRDA:89,18,0,0
BRDA:89,18,1,0
BRDA:89,19,0,0
BRDA:89,19,1,0
BRDA:90,20,0,0
BRDA:90,20,1,0
BRDA:92,21,0,0
BRDA:92,21,1,0
BRF:42
BRH:0
end_of_record
TN:
SF:/home/alexander/Documents/www/revsw-portal/code/dev/js/heatmaps/highmap.us.js
FNF:0
FNH:0
DA:2,0
LF:1
LH:0
BRF:0
BRH:0
end_of_record
TN:
SF:/home/alexander/Documents/www/revsw-portal/code/dev/js/heatmaps/highmap.world.js
FNF:0
FNH:0
DA:2,0
LF:1
LH:0
BRF:0
BRH:0
end_of_record
TN:
SF:/home/alexander/Documents/www/revsw-portal/code/dev/js/portal/app.config.js
FN:1,(anonymous_1)
FN:12,configure
FN:18,configureSatellizer
FN:33,setHighchartsOptions
FN:43,configUibTooltipProvider
FNF:5
FNH:0
FNDA:0,(anonymous_1)
FNDA:0,configure
FNDA:0,configureSatellizer
FNDA:0,setHighchartsOptions
FNDA:0,configUibTooltipProvider
DA:1,0
DA:4,0
DA:12,1
DA:14,0
DA:18,1
DA:19,0
DA:21,0
DA:26,0
DA:33,1
DA:35,0
DA:43,1
DA:44,0
LF:12
LH:4
BRF:0
BRH:0
end_of_record
TN:
SF:/home/alexander/Documents/www/revsw-portal/code/dev/js/portal/app.ga.js
FN:1,(anonymous_1)
FN:10,Analytics
FN:12,(anonymous_3)
FN:18,runGoogleAnalytics
FN:20,(anonymous_5)
FNF:5
FNH:0
FNDA:0,(anonymous_1)
FNDA:0,Analytics
FNDA:0,(anonymous_3)
FNDA:0,runGoogleAnalytics
FNDA:0,(anonymous_5)
DA:1,0
DA:4,0
DA:10,1
DA:11,0
DA:12,0
DA:13,0
DA:14,0
DA:18,1
DA:19,0
DA:20,0
DA:21,0
LF:11
LH:2
BRF:0
BRH:0
end_of_record
TN:
SF:/home/alexander/Documents/www/revsw-portal/code/dev/js/portal/app.intro.js
FN:1,(anonymous_1)
FN:8,runIntro
FN:83,(anonymous_3)
FNF:3
FNH:0
FNDA:0,(anonymous_1)
FNDA:0,runIntro
FNDA:0,(anonymous_3)
DA:1,0
DA:4,0
DA:8,1
DA:9,0
DA:10,0
DA:12,0
DA:75,0
DA:83,0
DA:84,0
DA:85,0
DA:86,0
LF:11
LH:1
BRDA:84,1,0,0
BRDA:84,1,1,0
BRDA:84,2,0,0
BRDA:84,2,1,0
BRF:4
BRH:0
end_of_record
TN:
SF:/home/alexander/Documents/www/revsw-portal/code/dev/js/portal/app.module.js
FN:1,(anonymous_1)
FNF:1
FNH:0
FNDA:0,(anonymous_1)
DA:1,0
DA:4,0
LF:2
LH:0
BRF:0
BRH:0
end_of_record
TN:
SF:/home/alexander/Documents/www/revsw-portal/code/dev/js/portal/app.routes.js
FN:1,(anonymous_1)
FN:8,resizeBinding
FN:12,(anonymous_3)
FN:14,(anonymous_4)
FN:19,(anonymous_5)
FN:28,routesConfig
FN:31,(anonymous_7)
FN:35,(anonymous_8)
FN:52,(anonymous_9)
FN:54,(anonymous_10)
FN:71,(anonymous_11)
FN:133,(anonymous_12)
FN:135,(anonymous_13)
FN:144,(anonymous_14)
FNF:14
FNH:0
FNDA:0,(anonymous_1)
FNDA:0,resizeBinding
FNDA:0,(anonymous_3)
FNDA:0,(anonymous_4)
FNDA:0,(anonymous_5)
FNDA:0,routesConfig
FNDA:0,(anonymous_7)
FNDA:0,(anonymous_8)
FNDA:0,(anonymous_9)
FNDA:0,(anonymous_10)
FNDA:0,(anonymous_11)
FNDA:0,(anonymous_12)
FNDA:0,(anonymous_13)
FNDA:0,(anonymous_14)
DA:1,0
DA:4,0
DA:8,1
DA:9,0
DA:10,0
DA:11,0
DA:12,0
DA:13,0
DA:14,0
DA:15,0
DA:17,0
DA:18,0
DA:19,0
DA:20,0
DA:22,0
DA:25,0
DA:28,1
DA:29,0
DA:31,0
DA:32,0
DA:33,0
DA:34,0
DA:36,0
DA:37,0
DA:39,0
DA:42,0
DA:45,0
DA:53,0
DA:54,0
DA:55,0
DA:57,0
DA:58,0
DA:63,0
DA:64,0
DA:65,0
DA:73,0
DA:74,0
DA:76,0
DA:134,0
DA:136,0
DA:144,0
DA:145,0
DA:146,0
DA:149,0
LF:44
LH:2
BRDA:13,1,0,0
BRDA:13,1,1,0
BRDA:13,2,0,0
BRDA:13,2,1,0
BRDA:18,3,0,0
BRDA:18,3,1,0
BRDA:18,4,0,0
BRDA:18,4,1,0
BRDA:25,5,0,0
BRDA:25,5,1,0
BRDA:36,6,0,0
BRDA:36,6,1,0
BRDA:36,7,0,0
BRDA:36,7,1,0
BRDA:55,8,0,0
BRDA:55,8,1,0
BRDA:58,9,0,0
BRDA:58,9,1,0
BRDA:58,10,0,0
BRDA:58,10,1,0
BRDA:58,10,2,0
BRDA:58,10,3,0
BRDA:64,11,0,0
BRDA:64,11,1,0
BRDA:73,12,0,0
BRDA:73,12,1,0
BRDA:73,13,0,0
BRDA:73,13,1,0
BRDA:154,14,0,0
BRDA:154,14,1,0
BRF:30
BRH:0
end_of_record
TN:
SF:/home/alexander/Documents/www/revsw-portal/code/dev/js/portal/app.run.js
FN:1,(anonymous_1)
FN:10,stopLocationChanges
FN:17,runApp
FN:22,(anonymous_4)
FN:27,(anonymous_5)
FN:29,(anonymous_6)
FN:35,(anonymous_7)
FN:44,(anonymous_8)
FN:48,(anonymous_9)
FN:66,initFooterInfo
FN:67,(anonymous_11)
FN:72,(anonymous_12)
FN:80,checkVendor
FN:83,(anonymous_14)
FN:93,(anonymous_15)
FN:98,(anonymous_16)
FNF:16
FNH:0
FNDA:0,(anonymous_1)
FNDA:0,stopLocationChanges
FNDA:0,runApp
FNDA:0,(anonymous_4)
FNDA:0,(anonymous_5)
FNDA:0,(anonymous_6)
FNDA:0,(anonymous_7)
FNDA:0,(anonymous_8)
FNDA:0,(anonymous_9)
FNDA:0,initFooterInfo
FNDA:0,(anonymous_11)
FNDA:0,(anonymous_12)
FNDA:0,checkVendor
FNDA:0,(anonymous_14)
FNDA:0,(anonymous_15)
FNDA:0,(anonymous_16)
DA:1,0
DA:4,0
DA:10,1
DA:14,0
DA:17,1
DA:18,0
DA:19,0
DA:20,0
DA:21,0
DA:24,0
DA:26,0
DA:29,0
DA:30,0
DA:33,0
DA:35,0
DA:37,0
DA:38,0
DA:40,0
DA:44,0
DA:45,0
DA:48,0
DA:56,0
DA:57,0
DA:60,0
DA:63,0
DA:66,1
DA:67,0
DA:68,0
DA:69,0
DA:72,0
DA:73,0
DA:74,0
DA:78,0
DA:80,1
DA:81,0
DA:85,0
DA:86,0
DA:87,0
DA:89,0
DA:90,0
DA:91,0
DA:93,0
DA:94,0
DA:95,0
DA:99,0
DA:100,0
DA:102,0
LF:47
LH:4
BRDA:37,1,0,0
BRDA:37,1,1,0
BRDA:45,2,0,0
BRDA:45,2,1,0
BRDA:56,3,0,0
BRDA:56,3,1,0
BRDA:68,4,0,0
BRDA:68,4,1,0
BRDA:73,5,0,0
BRDA:73,5,1,0
BRF:10
BRH:0
end_of_record
TN:
SF:/home/alexander/Documents/www/revsw-portal/code/dev/js/zendesk/zendesk.js
FN:3,(anonymous_1)
FN:5,(anonymous_2)
FN:17,(anonymous_3)
FNF:3
FNH:0
FNDA:0,(anonymous_1)
FNDA:0,(anonymous_2)
FNDA:0,(anonymous_3)
DA:3,0
DA:4,0
DA:5,0
DA:15,0
DA:17,0
DA:18,0
DA:19,0
LF:7
LH:0
BRDA:3,1,0,0
BRDA:3,1,1,0
BRDA:6,2,0,0
BRDA:6,2,1,0
BRDA:10,3,0,0
BRDA:10,3,1,0
BRDA:19,4,0,0
BRDA:19,4,1,0
BRF:8
BRH:0
end_of_record
TN:
SF:/home/alexander/Documents/www/revsw-portal/code/dev/js/portal/apps/apps.module.js
FN:1,(anonymous_1)
FNF:1
FNH:0
FNDA:0,(anonymous_1)
DA:1,0
DA:4,0
LF:2
LH:0
BRF:0
BRH:0
end_of_record
TN:
SF:/home/alexander/Documents/www/revsw-portal/code/dev/js/portal/apps/apps.routes.js
FN:1,(anonymous_1)
FN:9,routesConfig
FNF:2
FNH:0
FNDA:0,(anonymous_1)
FNDA:0,routesConfig
DA:1,0
DA:4,0
DA:9,1
DA:10,0
LF:4
LH:1
BRF:0
BRH:0
end_of_record
TN:
SF:/home/alexander/Documents/www/revsw-portal/code/dev/js/portal/azure-resources/azureResources.module.js
FN:1,(anonymous_1)
FNF:1
FNH:0
FNDA:0,(anonymous_1)
DA:1,0
DA:4,0
LF:2
LH:0
BRF:0
BRH:0
end_of_record
TN:
SF:/home/alexander/Documents/www/revsw-portal/code/dev/js/portal/azure-resources/azureResources.routes.js
FN:1,(anonymous_1)
FN:9,routesConfig
FNF:2
FNH:0
FNDA:0,(anonymous_1)
FNDA:0,routesConfig
DA:1,0
DA:4,0
DA:9,1
DA:10,0
LF:4
LH:1
BRF:0
BRH:0
end_of_record
TN:
SF:/home/alexander/Documents/www/revsw-portal/code/dev/js/portal/auth/auth.config.js
FN:1,(anonymous_1)
FN:9,configure
FN:14,(anonymous_3)
FN:17,(anonymous_4)
FNF:4
FNH:0
FNDA:0,(anonymous_1)
FNDA:0,configure
FNDA:0,(anonymous_3)
FNDA:0,(anonymous_4)
DA:1,0
DA:4,0
DA:9,1
DA:13,0
DA:14,0
DA:16,0
DA:19,0
DA:20,0
DA:22,0
LF:9
LH:1
BRDA:19,1,0,0
BRDA:19,1,1,0
BRDA:19,2,0,0
BRDA:19,2,1,0
BRF:4
BRH:0
end_of_record
TN:
SF:/home/alexander/Documents/www/revsw-portal/code/dev/js/portal/auth/auth.module.js
FN:1,(anonymous_1)
FN:14,authRun
FNF:2
FNH:0
FNDA:0,(anonymous_1)
FNDA:0,authRun
DA:1,0
DA:4,0
DA:14,1
DA:16,0
DA:17,0
LF:5
LH:1
BRDA:16,1,0,0
BRDA:16,1,1,0
BRF:2
BRH:0
end_of_record
TN:
SF:/home/alexander/Documents/www/revsw-portal/code/dev/js/portal/auth/auth.routes.js
FN:1,(anonymous_1)
FN:9,routesConfig
FNF:2
FNH:0
FNDA:0,(anonymous_1)
FNDA:0,routesConfig
DA:1,0
DA:4,0
DA:9,1
DA:11,0
LF:4
LH:1
BRF:0
BRH:0
end_of_record
TN:
SF:/home/alexander/Documents/www/revsw-portal/code/dev/js/portal/auth/auth.run.js
FN:1,(anonymous_1)
FN:9,AuthRun
FN:17,isValidReOpenUrl
FN:32,(anonymous_4)
FN:39,(anonymous_5)
FN:48,(anonymous_6)
FN:61,defaultLoginWorkFlow
FN:67,(anonymous_8)
FN:77,(anonymous_9)
FN:82,(anonymous_10)
FN:87,(anonymous_11)
FN:96,(anonymous_12)
FNF:12
FNH:0
FNDA:0,(anonymous_1)
FNDA:0,AuthRun
FNDA:0,isValidReOpenUrl
FNDA:0,(anonymous_4)
FNDA:0,(anonymous_5)
FNDA:0,(anonymous_6)
FNDA:0,defaultLoginWorkFlow
FNDA:0,(anonymous_8)
FNDA:0,(anonymous_9)
FNDA:0,(anonymous_10)
FNDA:0,(anonymous_11)
FNDA:0,(anonymous_12)
DA:1,0
DA:4,0
DA:9,1
DA:10,0
DA:17,1
DA:18,0
DA:21,0
DA:23,0
DA:26,0
DA:27,0
DA:28,0
DA:32,0
DA:33,0
DA:34,0
DA:35,0
DA:39,0
DA:40,0
DA:41,0
DA:42,0
DA:45,0
DA:48,0
DA:49,0
DA:50,0
DA:61,1
DA:62,0
DA:63,0
DA:64,0
DA:66,0
DA:68,0
DA:69,0
DA:71,0
DA:77,0
DA:79,0
DA:82,0
DA:85,0
DA:86,0
DA:87,0
DA:89,0
DA:90,0
DA:93,0
DA:94,0
DA:100,0
LF:42
LH:3
BRDA:18,1,0,0
BRDA:18,1,1,0
BRDA:18,2,0,0
BRDA:18,2,1,0
BRDA:18,2,2,0
BRDA:18,2,3,0
BRDA:18,2,4,0
BRDA:26,3,0,0
BRDA:26,3,1,0
BRDA:27,4,0,0
BRDA:27,4,1,0
BRDA:34,5,0,0
BRDA:34,5,1,0
BRDA:34,6,0,0
BRDA:34,6,1,0
BRDA:41,7,0,0
BRDA:41,7,1,0
BRDA:49,8,0,0
BRDA:49,8,1,0
BRDA:63,9,0,0
BRDA:63,9,1,0
BRDA:63,10,0,0
BRDA:63,10,1,0
BRDA:63,10,2,0
BRDA:68,11,0,0
BRDA:68,11,1,0
BRDA:68,12,0,0
BRDA:68,12,1,0
BRDA:85,13,0,0
BRDA:85,13,1,0
BRDA:85,14,0,0
BRDA:85,14,1,0
BRDA:89,15,0,0
BRDA:89,15,1,0
BRDA:89,16,0,0
BRDA:89,16,1,0
BRF:36
BRH:0
end_of_record
TN:
SF:/home/alexander/Documents/www/revsw-portal/code/dev/js/portal/bluetriangletech/bluetriangletech.module.js
FN:1,(anonymous_1)
FNF:1
FNH:0
FNDA:0,(anonymous_1)
DA:1,0
DA:7,0
LF:2
LH:0
BRF:0
BRH:0
end_of_record
TN:
SF:/home/alexander/Documents/www/revsw-portal/code/dev/js/portal/bluetriangletech/bluetriangletech.values.js
FN:1,(anonymous_1)
FNF:1
FNH:0
FNDA:0,(anonymous_1)
DA:1,0
DA:7,0
LF:2
LH:0
BRF:0
BRH:0
end_of_record
TN:
SF:/home/alexander/Documents/www/revsw-portal/code/dev/js/portal/azure-subscriptions/azureSubscriptions.module.js
FN:1,(anonymous_1)
FNF:1
FNH:0
FNDA:0,(anonymous_1)
DA:1,0
DA:4,0
LF:2
LH:0
BRF:0
BRH:0
end_of_record
TN:
SF:/home/alexander/Documents/www/revsw-portal/code/dev/js/portal/azure-subscriptions/azureSubscriptions.routes.js
FN:1,(anonymous_1)
FN:9,routesConfig
FNF:2
FNH:0
FNDA:0,(anonymous_1)
FNDA:0,routesConfig
DA:1,0
DA:4,0
DA:9,1
DA:10,0
DA:11,0
LF:5
LH:1
BRF:0
BRH:0
end_of_record
TN:
SF:/home/alexander/Documents/www/revsw-portal/code/dev/js/portal/cache/cache.module.js
FN:1,(anonymous_1)
FNF:1
FNH:0
FNDA:0,(anonymous_1)
DA:1,0
DA:4,0
LF:2
LH:0
BRF:0
BRH:0
end_of_record
TN:
SF:/home/alexander/Documents/www/revsw-portal/code/dev/js/portal/cache/cache.routes.js
FN:1,(anonymous_1)
FN:9,CacheRoutingConfig
FNF:2
FNH:0
FNDA:0,(anonymous_1)
FNDA:0,CacheRoutingConfig
DA:1,0
DA:4,0
DA:9,1
DA:10,0
LF:4
LH:1
BRF:0
BRH:0
end_of_record
TN:
SF:/home/alexander/Documents/www/revsw-portal/code/dev/js/portal/companies/companies.module.js
FN:1,(anonymous_1)
FNF:1
FNH:0
FNDA:0,(anonymous_1)
DA:1,0
DA:4,0
LF:2
LH:0
BRF:0
BRH:0
end_of_record
TN:
SF:/home/alexander/Documents/www/revsw-portal/code/dev/js/portal/companies/companies.routes.js
FN:1,(anonymous_1)
FN:9,routesConfig
FNF:2
FNH:0
FNDA:0,(anonymous_1)
FNDA:0,routesConfig
DA:1,0
DA:4,0
DA:9,1
DA:10,0
LF:4
LH:1
BRF:0
BRH:0
end_of_record
TN:
SF:/home/alexander/Documents/www/revsw-portal/code/dev/js/portal/dashboard/dashboard.config.js
FN:1,(anonymous_1)
FN:9,widgetsWebAnalyticsConfig
FN:116,widgetNorseLiveAttackMapIframeController
FN:126,widgetEditBTTiframeController
FN:142,widget3dPartyIframeController
FN:153,widgetEdit3dPartyIframeController
FNF:6
FNH:0
FNDA:0,(anonymous_1)
FNDA:0,widgetsWebAnalyticsConfig
FNDA:0,widgetNorseLiveAttackMapIframeController
FNDA:0,widgetEditBTTiframeController
FNDA:0,widget3dPartyIframeController
FNDA:0,widgetEdit3dPartyIframeController
DA:1,0
DA:4,0
DA:9,1
DA:10,0
DA:117,0
DA:118,0
DA:119,0
DA:120,0
DA:127,0
DA:128,0
DA:143,0
DA:144,0
DA:145,0
DA:147,0
DA:154,0
DA:155,0
LF:16
LH:1
BRDA:119,1,0,0
BRDA:119,1,1,0
BRDA:145,2,0,0
BRDA:145,2,1,0
BRF:4
BRH:0
end_of_record
TN:
SF:/home/alexander/Documents/www/revsw-portal/code/dev/js/portal/dashboard/dashboard.module.js
FN:1,(anonymous_1)
FN:22,(anonymous_2)
FN:105,widgetBTTConversionReportController
FN:122,(anonymous_4)
FN:128,(anonymous_5)
FN:139,widgetBTTBounceRateReportController
FN:156,(anonymous_7)
FN:162,(anonymous_8)
FN:173,widgetBTTBrandConversionRateReportController
FN:190,(anonymous_10)
FN:196,(anonymous_11)
FN:210,widgetBTTLostRevenueCalculatorReportController
FN:227,(anonymous_13)
FN:233,(anonymous_14)
FN:247,widgetBTTTrafficInfoReportController
FN:264,(anonymous_16)
FN:270,(anonymous_17)
FN:283,widgetEditBTTiframeController
FN:303,(anonymous_19)
FN:304,(anonymous_20)
FN:315,(anonymous_21)
FN:326,(anonymous_22)
FN:330,(anonymous_23)
FN:344,(anonymous_24)
FN:356,setCustomWidgetTemplates
FNF:25
FNH:0
FNDA:0,(anonymous_1)
FNDA:0,(anonymous_2)
FNDA:0,widgetBTTConversionReportController
FNDA:0,(anonymous_4)
FNDA:0,(anonymous_5)
FNDA:0,widgetBTTBounceRateReportController
FNDA:0,(anonymous_7)
FNDA:0,(anonymous_8)
FNDA:0,widgetBTTBrandConversionRateReportController
FNDA:0,(anonymous_10)
FNDA:0,(anonymous_11)
FNDA:0,widgetBTTLostRevenueCalculatorReportController
FNDA:0,(anonymous_13)
FNDA:0,(anonymous_14)
FNDA:0,widgetBTTTrafficInfoReportController
FNDA:0,(anonymous_16)
FNDA:0,(anonymous_17)
FNDA:0,widgetEditBTTiframeController
FNDA:0,(anonymous_19)
FNDA:0,(anonymous_20)
FNDA:0,(anonymous_21)
FNDA:0,(anonymous_22)
FNDA:0,(anonymous_23)
FNDA:0,(anonymous_24)
FNDA:0,setCustomWidgetTemplates
DA:1,0
DA:7,0
DA:24,0
DA:105,1
DA:106,0
DA:107,0
DA:108,0
DA:117,0
DA:118,0
DA:119,0
DA:121,0
DA:123,0
DA:124,0
DA:125,0
DA:129,0
DA:139,1
DA:140,0
DA:141,0
DA:142,0
DA:151,0
DA:152,0
DA:153,0
DA:155,0
DA:157,0
DA:158,0
DA:159,0
DA:163,0
DA:173,1
DA:174,0
DA:175,0
DA:176,0
DA:185,0
DA:186,0
DA:187,0
DA:189,0
DA:191,0
DA:192,0
DA:193,0
DA:197,0
DA:210,1
DA:211,0
DA:212,0
DA:213,0
DA:222,0
DA:223,0
DA:224,0
DA:226,0
DA:228,0
DA:229,0
DA:230,0
DA:234,0
DA:247,1
DA:248,0
DA:249,0
DA:250,0
DA:259,0
DA:260,0
DA:261,0
DA:263,0
DA:265,0
DA:266,0
DA:267,0
DA:271,0
DA:283,1
DA:284,0
DA:285,0
DA:286,0
DA:295,0
DA:296,0
DA:297,0
DA:298,0
DA:299,0
DA:302,0
DA:304,0
DA:305,0
DA:308,0
DA:310,0
DA:311,0
DA:312,0
DA:314,0
DA:315,0
DA:316,0
DA:319,0
DA:320,0
DA:323,0
DA:327,0
DA:330,0
DA:331,0
DA:332,0
DA:334,0
DA:335,0
DA:337,0
DA:344,0
DA:345,0
DA:356,1
DA:357,0
DA:358,0
LF:97
LH:7
BRDA:124,1,0,0
BRDA:124,1,1,0
BRDA:158,2,0,0
BRDA:158,2,1,0
BRDA:192,3,0,0
BRDA:192,3,1,0
BRDA:229,4,0,0
BRDA:229,4,1,0
BRDA:266,5,0,0
BRDA:266,5,1,0
BRDA:305,6,0,0
BRDA:305,6,1,0
BRDA:308,7,0,0
BRDA:308,7,1,0
BRDA:308,8,0,0
BRDA:308,8,1,0
BRDA:310,9,0,0
BRDA:310,9,1,0
BRDA:310,10,0,0
BRDA:310,10,1,0
BRDA:314,11,0,0
BRDA:314,11,1,0
BRDA:314,12,0,0
BRDA:314,12,1,0
BRDA:331,13,0,0
BRDA:331,13,1,0
BRDA:334,14,0,0
BRDA:334,14,1,0
BRDA:334,15,0,0
BRDA:334,15,1,0
BRF:30
BRH:0
end_of_record
TN:
SF:/home/alexander/Documents/www/revsw-portal/code/dev/js/portal/dashboard/dashboard.routes.js
FN:4,(anonymous_1)
FN:12,routesConfig
FNF:2
FNH:0
FNDA:0,(anonymous_1)
FNDA:0,routesConfig
DA:4,0
DA:7,0
DA:12,1
DA:14,0
LF:4
LH:1
BRF:0
BRH:0
end_of_record
TN:
SF:/home/alexander/Documents/www/revsw-portal/code/dev/js/portal/config/config.constants.js
FN:1,(anonymous_1)
FNF:1
FNH:0
FNDA:0,(anonymous_1)
DA:1,0
DA:3,0
LF:2
LH:0
BRDA:15,1,0,0
BRDA:15,1,1,0
BRDA:166,2,0,0
BRDA:166,2,1,0
BRF:4
BRH:0
end_of_record
TN:
SF:/home/alexander/Documents/www/revsw-portal/code/dev/js/portal/config/config.module.js
FN:1,(anonymous_1)
FNF:1
FNH:0
FNDA:0,(anonymous_1)
DA:1,0
DA:4,0
LF:2
LH:0
BRF:0
BRH:0
end_of_record
TN:
SF:/home/alexander/Documents/www/revsw-portal/code/dev/js/portal/config/config.values.js
FN:1,(anonymous_1)
FNF:1
FNH:0
FNDA:0,(anonymous_1)
DA:1,0
DA:3,0
LF:2
LH:0
BRF:0
BRH:0
end_of_record
TN:
SF:/home/alexander/Documents/www/revsw-portal/code/dev/js/portal/dns_analytics/dns_analytics.module.js
FN:1,(anonymous_1)
FNF:1
FNH:0
FNDA:0,(anonymous_1)
DA:1,0
DA:4,0
LF:2
LH:0
BRF:0
BRH:0
end_of_record
TN:
SF:/home/alexander/Documents/www/revsw-portal/code/dev/js/portal/dns_analytics/dns_analytics.routes.js
FN:1,(anonymous_1)
FN:9,ReportsRoutes
FNF:2
FNH:0
FNDA:0,(anonymous_1)
FNDA:0,ReportsRoutes
DA:1,0
DA:4,0
DA:9,1
DA:10,0
LF:4
LH:1
BRF:0
BRH:0
end_of_record
TN:
SF:/home/alexander/Documents/www/revsw-portal/code/dev/js/portal/dns_zone_records/dns_zone_records.module.js
FN:1,(anonymous_1)
FN:17,(anonymous_2)
FN:20,(anonymous_3)
FN:28,(anonymous_4)
FN:29,(anonymous_5)
FN:40,DNSZoneRecordsAnswerParser
FN:44,(anonymous_7)
FN:62,(anonymous_8)
FNF:8
FNH:0
FNDA:0,(anonymous_1)
FNDA:0,(anonymous_2)
FNDA:0,(anonymous_3)
FNDA:0,(anonymous_4)
FNDA:0,(anonymous_5)
FNDA:0,DNSZoneRecordsAnswerParser
FNDA:0,(anonymous_7)
FNDA:0,(anonymous_8)
DA:1,0
DA:4,0
DA:19,0
DA:20,0
DA:21,0
DA:22,0
DA:24,0
DA:25,0
DA:29,0
DA:30,0
DA:31,0
DA:32,0
DA:33,0
DA:34,0
DA:36,0
DA:40,1
DA:41,0
DA:42,0
DA:43,0
DA:45,0
DA:47,0
DA:49,0
DA:51,0
DA:53,0
DA:55,0
DA:57,0
DA:59,0
DA:63,0
DA:64,0
DA:66,0
DA:71,0
DA:76,0
DA:81,0
DA:90,0
DA:95,0
DA:102,0
LF:36
LH:1
BRDA:21,1,0,0
BRDA:21,1,1,0
BRDA:24,2,0,0
BRDA:24,2,1,0
BRDA:31,3,0,0
BRDA:31,3,1,0
BRDA:33,4,0,0
BRDA:33,4,1,0
BRDA:45,5,0,0
BRDA:45,5,1,0
BRDA:45,5,2,0
BRDA:45,5,3,0
BRDA:45,5,4,0
BRDA:45,5,5,0
BRDA:45,5,6,0
BRDA:51,6,0,0
BRDA:51,6,1,0
BRDA:57,7,0,0
BRDA:57,7,1,0
BRDA:57,8,0,0
BRDA:57,8,1,0
BRDA:57,9,0,0
BRDA:57,9,1,0
BRDA:64,10,0,0
BRDA:64,10,1,0
BRDA:64,10,2,0
BRDA:64,10,3,0
BRDA:64,10,4,0
BRDA:64,10,5,0
BRDA:64,10,6,0
BRF:30
BRH:0
end_of_record
TN:
SF:/home/alexander/Documents/www/revsw-portal/code/dev/js/portal/dns_zone_records/dns_zone_records.routes.js
FN:1,(anonymous_1)
FN:9,routesConfig
FNF:2
FNH:0
FNDA:0,(anonymous_1)
FNDA:0,routesConfig
DA:1,0
DA:4,0
DA:9,1
DA:10,0
LF:4
LH:1
BRF:0
BRH:0
end_of_record
TN:
SF:/home/alexander/Documents/www/revsw-portal/code/dev/js/portal/dns_zones/dns_zones.module.js
FN:1,(anonymous_1)
FNF:1
FNH:0
FNDA:0,(anonymous_1)
DA:1,0
DA:4,0
LF:2
LH:0
BRF:0
BRH:0
end_of_record
TN:
SF:/home/alexander/Documents/www/revsw-portal/code/dev/js/portal/dns_zones/dns_zones.routes.js
FN:1,(anonymous_1)
FN:9,routesConfig
FNF:2
FNH:0
FNDA:0,(anonymous_1)
FNDA:0,routesConfig
DA:1,0
DA:4,0
DA:9,1
DA:10,0
LF:4
LH:1
BRF:0
BRH:0
end_of_record
TN:
SF:/home/alexander/Documents/www/revsw-portal/code/dev/js/portal/domains/domains.constants.js
FN:1,(anonymous_1)
FNF:1
FNH:0
FNDA:0,(anonymous_1)
DA:1,0
DA:4,0
LF:2
LH:0
BRF:0
BRH:0
end_of_record
TN:
SF:/home/alexander/Documents/www/revsw-portal/code/dev/js/portal/domains/domains.module.js
FN:1,(anonymous_1)
FNF:1
FNH:0
FNDA:0,(anonymous_1)
DA:1,0
DA:4,0
LF:2
LH:0
BRF:0
BRH:0
end_of_record
TN:
SF:/home/alexander/Documents/www/revsw-portal/code/dev/js/portal/domains/domains.routes.js
FN:1,(anonymous_1)
FN:9,routesConfig
FNF:2
FNH:0
FNDA:0,(anonymous_1)
FNDA:0,routesConfig
DA:1,0
DA:4,0
DA:9,1
DA:10,0
LF:4
LH:1
BRF:0
BRH:0
end_of_record
TN:
SF:/home/alexander/Documents/www/revsw-portal/code/dev/js/portal/keys/keys.module.js
FN:1,(anonymous_1)
FNF:1
FNH:0
FNDA:0,(anonymous_1)
DA:1,0
DA:4,0
LF:2
LH:0
BRF:0
BRH:0
end_of_record
TN:
SF:/home/alexander/Documents/www/revsw-portal/code/dev/js/portal/keys/keys.routes.js
FN:1,(anonymous_1)
FN:9,routesConfig
FNF:2
FNH:0
FNDA:0,(anonymous_1)
FNDA:0,routesConfig
DA:1,0
DA:4,0
DA:9,1
DA:10,0
LF:4
LH:1
BRF:0
BRH:0
end_of_record
TN:
SF:/home/alexander/Documents/www/revsw-portal/code/dev/js/portal/import-config/importConfig.module.js
FN:1,(anonymous_1)
FNF:1
FNH:0
FNDA:0,(anonymous_1)
DA:1,0
DA:4,0
LF:2
LH:0
BRF:0
BRH:0
end_of_record
TN:
SF:/home/alexander/Documents/www/revsw-portal/code/dev/js/portal/import-config/importConfig.routes.js
FN:1,(anonymous_1)
FN:9,ImportConfigRoutingConfig
FNF:2
FNH:0
FNDA:0,(anonymous_1)
FNDA:0,ImportConfigRoutingConfig
DA:1,0
DA:4,0
DA:9,1
DA:10,0
LF:4
LH:1
BRF:0
BRH:0
end_of_record
TN:
SF:/home/alexander/Documents/www/revsw-portal/code/dev/js/portal/logshippers/logshippers.module.js
FN:1,(anonymous_1)
FNF:1
FNH:0
FNDA:0,(anonymous_1)
DA:1,0
DA:4,0
LF:2
LH:0
BRF:0
BRH:0
end_of_record
TN:
SF:/home/alexander/Documents/www/revsw-portal/code/dev/js/portal/logshippers/logshippers.routes.js
FN:1,(anonymous_1)
FN:9,routesConfig
FNF:2
FNH:0
FNDA:0,(anonymous_1)
FNDA:0,routesConfig
DA:1,0
DA:4,0
DA:9,1
DA:10,0
LF:4
LH:1
BRF:0
BRH:0
end_of_record
TN:
SF:/home/alexander/Documents/www/revsw-portal/code/dev/js/portal/profile/profile.module.js
FN:1,(anonymous_1)
FNF:1
FNH:0
FNDA:0,(anonymous_1)
DA:1,0
DA:4,0
LF:2
LH:0
BRF:0
BRH:0
end_of_record
TN:
SF:/home/alexander/Documents/www/revsw-portal/code/dev/js/portal/profile/profile.routes.js
FN:1,(anonymous_1)
FN:9,routesConfig
FNF:2
FNH:0
FNDA:0,(anonymous_1)
FNDA:0,routesConfig
DA:1,0
DA:4,0
DA:9,1
DA:10,0
LF:4
LH:1
BRF:0
BRH:0
end_of_record
TN:
SF:/home/alexander/Documents/www/revsw-portal/code/dev/js/portal/reports/mobile.module.js
FN:1,(anonymous_1)
FNF:1
FNH:0
FNDA:0,(anonymous_1)
DA:1,0
DA:4,0
LF:2
LH:0
BRF:0
BRH:0
end_of_record
TN:
SF:/home/alexander/Documents/www/revsw-portal/code/dev/js/portal/reports/mobile.routes.js
FN:1,(anonymous_1)
FN:9,ReportsRoutes
FNF:2
FNH:0
FNDA:0,(anonymous_1)
FNDA:0,ReportsRoutes
DA:1,0
DA:4,0
DA:9,1
DA:10,0
LF:4
LH:1
BRF:0
BRH:0
end_of_record
TN:
SF:/home/alexander/Documents/www/revsw-portal/code/dev/js/portal/reports/reports.module.js
FN:1,(anonymous_1)
FNF:1
FNH:0
FNDA:0,(anonymous_1)
DA:1,0
DA:4,0
LF:2
LH:0
BRF:0
BRH:0
end_of_record
TN:
SF:/home/alexander/Documents/www/revsw-portal/code/dev/js/portal/reports/reports.routes.js
FN:1,(anonymous_1)
FN:9,ReportsRoutes
FNF:2
FNH:0
FNDA:0,(anonymous_1)
FNDA:0,ReportsRoutes
DA:1,0
DA:4,0
DA:9,1
DA:10,0
LF:4
LH:1
BRF:0
BRH:0
end_of_record
TN:
SF:/home/alexander/Documents/www/revsw-portal/code/dev/js/portal/reports/usage.module.js
FN:1,(anonymous_1)
FNF:1
FNH:0
FNDA:0,(anonymous_1)
DA:1,0
DA:4,0
LF:2
LH:0
BRF:0
BRH:0
end_of_record
TN:
SF:/home/alexander/Documents/www/revsw-portal/code/dev/js/portal/reports/usage.routes.js
FN:1,(anonymous_1)
FN:9,UsageRoutes
FNF:2
FNH:0
FNDA:0,(anonymous_1)
FNDA:0,UsageRoutes
DA:1,0
DA:4,0
DA:9,1
DA:10,0
LF:4
LH:1
BRF:0
BRH:0
end_of_record
TN:
SF:/home/alexander/Documents/www/revsw-portal/code/dev/js/portal/resources/resource.factory.js
FN:1,(anonymous_1)
FN:9,ResourceFactory
FN:10,(anonymous_3)
FN:20,(anonymous_4)
FNF:4
FNH:0
FNDA:0,(anonymous_1)
FNDA:0,ResourceFactory
FNDA:0,(anonymous_3)
FNDA:0,(anonymous_4)
DA:1,0
DA:4,0
DA:9,1
DA:10,0
DA:11,0
DA:16,0
DA:18,0
DA:20,0
DA:21,0
DA:22,0
DA:25,0
DA:29,0
LF:12
LH:1
BRDA:21,1,0,0
BRDA:21,1,1,0
BRF:2
BRH:0
end_of_record
TN:
SF:/home/alexander/Documents/www/revsw-portal/code/dev/js/portal/resources/resources.config.js
FN:1,(anonymous_1)
FN:9,ResourceConfig
FNF:2
FNH:0
FNDA:0,(anonymous_1)
FNDA:0,ResourceConfig
DA:1,0
DA:4,0
DA:9,1
DA:10,0
DA:11,0
LF:5
LH:1
BRF:0
BRH:0
end_of_record
TN:
SF:/home/alexander/Documents/www/revsw-portal/code/dev/js/portal/resources/resources.module.js
FN:1,(anonymous_1)
FNF:1
FNH:0
FNDA:0,(anonymous_1)
DA:1,0
DA:4,0
LF:2
LH:0
BRF:0
BRH:0
end_of_record
TN:
SF:/home/alexander/Documents/www/revsw-portal/code/dev/js/portal/signup/signup.module.js
FN:1,(anonymous_1)
FNF:1
FNH:0
FNDA:0,(anonymous_1)
DA:1,0
DA:4,0
LF:2
LH:0
BRF:0
BRH:0
end_of_record
TN:
SF:/home/alexander/Documents/www/revsw-portal/code/dev/js/portal/signup/signup.routes.js
FN:1,(anonymous_1)
FN:9,routesConfig
FN:59,(anonymous_3)
FNF:3
FNH:0
FNDA:0,(anonymous_1)
FNDA:0,routesConfig
FNDA:0,(anonymous_3)
DA:1,0
DA:4,0
DA:9,1
DA:10,0
DA:11,0
DA:60,0
LF:6
LH:1
BRF:0
BRH:0
end_of_record
TN:
SF:/home/alexander/Documents/www/revsw-portal/code/dev/js/portal/shared/shared.module.js
FN:1,(anonymous_1)
FNF:1
FNH:0
FNDA:0,(anonymous_1)
DA:1,0
DA:4,0
LF:2
LH:0
BRF:0
BRH:0
end_of_record
TN:
SF:/home/alexander/Documents/www/revsw-portal/code/dev/js/portal/ssl_certs/ssl_certs.module.js
FN:1,(anonymous_1)
FNF:1
FNH:0
FNDA:0,(anonymous_1)
DA:1,0
DA:4,0
LF:2
LH:0
BRF:0
BRH:0
end_of_record
TN:
SF:/home/alexander/Documents/www/revsw-portal/code/dev/js/portal/ssl_certs/ssl_certs.routes.js
FN:1,(anonymous_1)
FN:9,routesConfig
FNF:2
FNH:0
FNDA:0,(anonymous_1)
FNDA:0,routesConfig
DA:1,0
DA:4,0
DA:9,1
DA:10,0
LF:4
LH:1
BRF:0
BRH:0
end_of_record
TN:
SF:/home/alexander/Documents/www/revsw-portal/code/dev/js/portal/ssl_names/ssl_names.module.js
FN:1,(anonymous_1)
FNF:1
FNH:0
FNDA:0,(anonymous_1)
DA:1,0
DA:4,0
LF:2
LH:0
BRF:0
BRH:0
end_of_record
TN:
SF:/home/alexander/Documents/www/revsw-portal/code/dev/js/portal/ssl_names/ssl_names.routes.js
FN:1,(anonymous_1)
FN:9,routesConfig
FNF:2
FNH:0
FNDA:0,(anonymous_1)
FNDA:0,routesConfig
DA:1,0
DA:4,0
DA:9,1
DA:10,0
LF:4
LH:1
BRF:0
BRH:0
end_of_record
TN:
SF:/home/alexander/Documents/www/revsw-portal/code/dev/js/portal/users/users.module.js
FN:1,(anonymous_1)
FNF:1
FNH:0
FNDA:0,(anonymous_1)
DA:1,0
DA:4,0
LF:2
LH:0
BRF:0
BRH:0
end_of_record
TN:
SF:/home/alexander/Documents/www/revsw-portal/code/dev/js/portal/users/users.routes.js
FN:1,(anonymous_1)
FN:9,routesConfig
FNF:2
FNH:0
FNDA:0,(anonymous_1)
FNDA:0,routesConfig
DA:1,0
DA:4,0
DA:9,1
DA:10,0
LF:4
LH:1
BRF:0
BRH:0
end_of_record
TN:
SF:/home/alexander/Documents/www/revsw-portal/code/dev/js/portal/waf-analytics/wafAnalytics.module.js
FN:1,(anonymous_1)
FNF:1
FNH:0
FNDA:0,(anonymous_1)
DA:1,0
DA:4,0
LF:2
LH:0
BRF:0
BRH:0
end_of_record
TN:
SF:/home/alexander/Documents/www/revsw-portal/code/dev/js/portal/waf-analytics/wafAnalytics.routes.js
FN:1,(anonymous_1)
FN:9,routesConfig
FNF:2
FNH:0
FNDA:0,(anonymous_1)
FNDA:0,routesConfig
DA:1,0
DA:4,0
DA:9,1
DA:10,0
LF:4
LH:1
BRF:0
BRH:0
end_of_record
TN:
SF:/home/alexander/Documents/www/revsw-portal/code/dev/js/portal/staging-environment/stagingEnvironment.module.js
FN:1,(anonymous_1)
FNF:1
FNH:0
FNDA:0,(anonymous_1)
DA:1,0
DA:4,0
LF:2
LH:0
BRF:0
BRH:0
end_of_record
TN:
SF:/home/alexander/Documents/www/revsw-portal/code/dev/js/portal/staging-environment/stagingEnvironment.routes.js
FN:1,(anonymous_1)
FN:9,routesConfig
FNF:2
FNH:0
FNDA:0,(anonymous_1)
FNDA:0,routesConfig
DA:1,0
DA:4,0
DA:9,1
DA:10,0
LF:4
LH:1
BRF:0
BRH:0
end_of_record
TN:
SF:/home/alexander/Documents/www/revsw-portal/code/dev/js/portal/waf_rules/waf_rules.module.js
FN:1,(anonymous_1)
FNF:1
FNH:0
FNDA:0,(anonymous_1)
DA:1,0
DA:4,0
LF:2
LH:0
BRF:0
BRH:0
end_of_record
TN:
SF:/home/alexander/Documents/www/revsw-portal/code/dev/js/portal/waf_rules/waf_rules.routes.js
FN:1,(anonymous_1)
FN:9,routesConfig
FNF:2
FNH:0
FNDA:0,(anonymous_1)
FNDA:0,routesConfig
DA:1,0
DA:4,0
DA:9,1
DA:10,0
LF:4
LH:1
BRF:0
BRH:0
end_of_record
TN:
SF:/home/alexander/Documents/www/revsw-portal/code/dev/js/portal/apps/app-select/appSelect.directive.js
FN:1,(anonymous_1)
FN:9,appSelectDirective
FN:19,(anonymous_3)
FN:22,(anonymous_4)
FN:35,(anonymous_5)
FN:40,(anonymous_6)
FN:49,(anonymous_7)
FN:54,(anonymous_8)
FNF:8
FNH:0
FNDA:0,(anonymous_1)
FNDA:0,appSelectDirective
FNDA:0,(anonymous_3)
FNDA:0,(anonymous_4)
FNDA:0,(anonymous_5)
FNDA:0,(anonymous_6)
FNDA:0,(anonymous_7)
FNDA:0,(anonymous_8)
DA:1,0
DA:4,0
DA:9,1
DA:11,0
DA:20,0
DA:21,0
DA:22,0
DA:23,0
DA:24,0
DA:27,0
DA:29,0
DA:34,0
DA:36,0
DA:38,0
DA:40,0
DA:41,0
DA:43,0
DA:44,0
DA:50,0
DA:54,0
DA:55,0
DA:56,0
LF:22
LH:1
BRDA:27,1,0,0
BRDA:27,1,1,0
BRDA:27,2,0,0
BRDA:27,2,1,0
BRDA:38,3,0,0
BRDA:38,3,1,0
BRDA:43,4,0,0
BRDA:43,4,1,0
BRDA:43,5,0,0
BRDA:43,5,1,0
BRDA:55,6,0,0
BRDA:55,6,1,0
BRF:12
BRH:0
end_of_record
TN:
SF:/home/alexander/Documents/www/revsw-portal/code/dev/js/portal/apps/app-staging-status/appStagingStatus.directive.js
FN:1,(anonymous_1)
FN:9,appStagingStatus
FN:18,(anonymous_3)
FN:29,(anonymous_4)
FN:42,(anonymous_5)
FN:50,(anonymous_6)
FN:61,(anonymous_7)
FN:75,(anonymous_8)
FN:84,(anonymous_9)
FN:88,(anonymous_10)
FN:92,(anonymous_11)
FNF:11
FNH:0
FNDA:0,(anonymous_1)
FNDA:0,appStagingStatus
FNDA:0,(anonymous_3)
FNDA:0,(anonymous_4)
FNDA:0,(anonymous_5)
FNDA:0,(anonymous_6)
FNDA:0,(anonymous_7)
FNDA:0,(anonymous_8)
FNDA:0,(anonymous_9)
FNDA:0,(anonymous_10)
FNDA:0,(anonymous_11)
DA:1,0
DA:4,0
DA:9,1
DA:10,0
DA:19,0
DA:20,0
DA:22,0
DA:23,0
DA:24,0
DA:25,0
DA:27,0
DA:29,0
DA:30,0
DA:36,0
DA:38,0
DA:42,0
DA:43,0
DA:44,0
DA:45,0
DA:46,0
DA:50,0
DA:51,0
DA:52,0
DA:54,0
DA:55,0
DA:58,0
DA:62,0
DA:63,0
DA:66,0
DA:68,0
DA:69,0
DA:72,0
DA:73,0
DA:76,0
DA:77,0
DA:78,0
DA:79,0
DA:80,0
DA:84,0
DA:85,0
DA:88,0
DA:89,0
DA:92,0
DA:93,0
DA:94,0
DA:96,0
DA:97,0
DA:98,0
LF:48
LH:1
BRDA:30,1,0,0
BRDA:30,1,1,0
BRDA:30,2,0,0
BRDA:30,2,1,0
BRDA:30,2,2,0
BRDA:30,2,3,0
BRDA:30,2,4,0
BRDA:30,2,5,0
BRDA:43,3,0,0
BRDA:43,3,1,0
BRDA:51,4,0,0
BRDA:51,4,1,0
BRDA:51,5,0,0
BRDA:51,5,1,0
BRDA:54,6,0,0
BRDA:54,6,1,0
BRDA:54,7,0,0
BRDA:54,7,1,0
BRDA:62,8,0,0
BRDA:62,8,1,0
BRDA:68,9,0,0
BRDA:68,9,1,0
BRDA:93,10,0,0
BRDA:93,10,1,0
BRF:24
BRH:0
end_of_record
TN:
SF:/home/alexander/Documents/www/revsw-portal/code/dev/js/portal/apps/controller/appEdit.controller.js
FN:1,(anonymous_1)
FN:9,AppEditController
FN:44,(anonymous_3)
FN:47,(anonymous_4)
FN:49,(anonymous_5)
FN:54,(anonymous_6)
FN:59,(anonymous_7)
FN:62,(anonymous_8)
FN:66,(anonymous_9)
FN:69,(anonymous_10)
FN:78,(anonymous_11)
FN:82,(anonymous_12)
FN:89,(anonymous_13)
FN:91,(anonymous_14)
FN:98,(anonymous_15)
FN:99,(anonymous_16)
FN:106,(anonymous_17)
FN:126,(anonymous_18)
FN:129,(anonymous_19)
FN:134,(anonymous_20)
FN:150,(anonymous_21)
FN:154,(anonymous_22)
FN:158,(anonymous_23)
FN:162,(anonymous_24)
FN:177,(anonymous_25)
FN:178,(anonymous_26)
FN:193,(anonymous_27)
FN:207,(anonymous_28)
FN:212,(anonymous_29)
FN:217,(anonymous_30)
FN:230,(anonymous_31)
FN:235,(anonymous_32)
FN:241,(anonymous_33)
FN:265,(anonymous_34)
FN:271,(anonymous_35)
FN:282,(anonymous_36)
FNF:36
FNH:0
FNDA:0,(anonymous_1)
FNDA:0,AppEditController
FNDA:0,(anonymous_3)
FNDA:0,(anonymous_4)
FNDA:0,(anonymous_5)
FNDA:0,(anonymous_6)
FNDA:0,(anonymous_7)
FNDA:0,(anonymous_8)
FNDA:0,(anonymous_9)
FNDA:0,(anonymous_10)
FNDA:0,(anonymous_11)
FNDA:0,(anonymous_12)
FNDA:0,(anonymous_13)
FNDA:0,(anonymous_14)
FNDA:0,(anonymous_15)
FNDA:0,(anonymous_16)
FNDA:0,(anonymous_17)
FNDA:0,(anonymous_18)
FNDA:0,(anonymous_19)
FNDA:0,(anonymous_20)
FNDA:0,(anonymous_21)
FNDA:0,(anonymous_22)
FNDA:0,(anonymous_23)
FNDA:0,(anonymous_24)
FNDA:0,(anonymous_25)
FNDA:0,(anonymous_26)
FNDA:0,(anonymous_27)
FNDA:0,(anonymous_28)
FNDA:0,(anonymous_29)
FNDA:0,(anonymous_30)
FNDA:0,(anonymous_31)
FNDA:0,(anonymous_32)
FNDA:0,(anonymous_33)
FNDA:0,(anonymous_34)
FNDA:0,(anonymous_35)
FNDA:0,(anonymous_36)
DA:1,0
DA:4,0
DA:9,1
DA:20,0
DA:26,0
DA:27,0
DA:29,0
DA:32,0
DA:35,0
DA:36,0
DA:37,0
DA:39,0
DA:40,0
DA:41,0
DA:42,0
DA:44,0
DA:45,0
DA:46,0
DA:48,0
DA:49,0
DA:50,0
DA:55,0
DA:57,0
DA:59,0
DA:62,0
DA:63,0
DA:67,0
DA:70,0
DA:73,0
DA:74,0
DA:76,0
DA:77,0
DA:79,0
DA:80,0
DA:83,0
DA:85,0
DA:88,0
DA:90,0
DA:91,0
DA:92,0
DA:99,0
DA:100,0
DA:102,0
DA:106,0
DA:107,0
DA:110,0
DA:111,0
DA:112,0
DA:114,0
DA:115,0
DA:117,0
DA:118,0
DA:121,0
DA:124,0
DA:127,0
DA:129,0
DA:134,0
DA:135,0
DA:139,0
DA:140,0
DA:144,0
DA:149,0
DA:150,0
DA:154,0
DA:155,0
DA:158,0
DA:159,0
DA:162,0
DA:163,0
DA:164,0
DA:167,0
DA:168,0
DA:169,0
DA:177,0
DA:178,0
DA:179,0
DA:183,0
DA:185,0
DA:193,0
DA:194,0
DA:198,0
DA:200,0
DA:201,0
DA:208,0
DA:212,0
DA:213,0
DA:214,0
DA:215,0
DA:217,0
DA:218,0
DA:222,0
DA:224,0
DA:225,0
DA:231,0
DA:232,0
DA:236,0
DA:241,0
DA:242,0
DA:243,0
DA:246,0
DA:247,0
DA:248,0
DA:249,0
DA:250,0
DA:251,0
DA:252,0
DA:253,0
DA:254,0
DA:255,0
DA:256,0
DA:265,0
DA:266,0
DA:267,0
DA:269,0
DA:272,0
DA:282,0
DA:283,0
LF:117
LH:1
BRDA:48,1,0,0
BRDA:48,1,1,0
BRDA:48,2,0,0
BRDA:48,2,1,0
BRDA:76,3,0,0
BRDA:76,3,1,0
BRDA:76,4,0,0
BRDA:76,4,1,0
BRDA:111,5,0,0
BRDA:111,5,1,0
BRDA:114,6,0,0
BRDA:114,6,1,0
BRDA:117,7,0,0
BRDA:117,7,1,0
BRDA:139,8,0,0
BRDA:139,8,1,0
BRDA:213,9,0,0
BRDA:213,9,1,0
BRDA:266,10,0,0
BRDA:266,10,1,0
BRF:20
BRH:0
end_of_record
TN:
SF:/home/alexander/Documents/www/revsw-portal/code/dev/js/portal/apps/controller/appVersions.controller.js
FN:1,(anonymous_1)
FN:11,AppVersionsController
FN:22,(anonymous_3)
FN:28,(anonymous_4)
FN:40,(anonymous_5)
FN:47,(anonymous_6)
FN:57,(anonymous_7)
FN:61,(anonymous_8)
FN:69,(anonymous_9)
FN:75,(anonymous_10)
FN:79,(anonymous_11)
FNF:11
FNH:0
FNDA:0,(anonymous_1)
FNDA:0,AppVersionsController
FNDA:0,(anonymous_3)
FNDA:0,(anonymous_4)
FNDA:0,(anonymous_5)
FNDA:0,(anonymous_6)
FNDA:0,(anonymous_7)
FNDA:0,(anonymous_8)
FNDA:0,(anonymous_9)
FNDA:0,(anonymous_10)
FNDA:0,(anonymous_11)
DA:1,0
DA:6,0
DA:11,1
DA:13,0
DA:14,0
DA:16,0
DA:17,0
DA:18,0
DA:22,0
DA:23,0
DA:29,0
DA:40,0
DA:41,0
DA:44,0
DA:47,0
DA:48,0
DA:49,0
DA:50,0
DA:52,0
DA:53,0
DA:54,0
DA:58,0
DA:62,0
DA:66,0
DA:70,0
DA:71,0
DA:76,0
DA:79,0
DA:80,0
LF:29
LH:1
BRDA:41,1,0,0
BRDA:41,1,1,0
BRDA:48,2,0,0
BRDA:48,2,1,0
BRDA:70,3,0,0
BRDA:70,3,1,0
BRF:6
BRH:0
end_of_record
TN:
SF:/home/alexander/Documents/www/revsw-portal/code/dev/js/portal/apps/controller/apps.controller.js
FN:1,(anonymous_1)
FN:9,AppsController
FN:43,setAccountName
FN:46,(anonymous_4)
FN:47,(anonymous_5)
FN:64,(anonymous_6)
FN:89,(anonymous_7)
FN:91,(anonymous_8)
FN:116,(anonymous_9)
FN:125,(anonymous_10)
FN:132,(anonymous_11)
FN:133,(anonymous_12)
FN:150,(anonymous_13)
FN:158,(anonymous_14)
FN:160,(anonymous_15)
FN:162,(anonymous_16)
FN:167,(anonymous_17)
FN:168,(anonymous_18)
FN:182,(anonymous_19)
FN:187,(anonymous_20)
FN:208,(anonymous_21)
FN:217,(anonymous_22)
FN:222,(anonymous_23)
FN:227,(anonymous_24)
FN:238,(anonymous_25)
FN:257,(anonymous_26)
FN:262,(anonymous_27)
FN:270,(anonymous_28)
FN:280,(anonymous_29)
FN:293,(anonymous_30)
FN:298,(anonymous_31)
FN:307,(anonymous_32)
FN:316,(anonymous_33)
FN:323,(anonymous_34)
FN:328,(anonymous_35)
FN:334,(anonymous_36)
FN:342,(anonymous_37)
FN:356,(anonymous_38)
FN:363,(anonymous_39)
FN:380,(anonymous_40)
FN:384,(anonymous_41)
FN:392,(anonymous_42)
FNF:42
FNH:0
FNDA:0,(anonymous_1)
FNDA:0,AppsController
FNDA:0,setAccountName
FNDA:0,(anonymous_4)
FNDA:0,(anonymous_5)
FNDA:0,(anonymous_6)
FNDA:0,(anonymous_7)
FNDA:0,(anonymous_8)
FNDA:0,(anonymous_9)
FNDA:0,(anonymous_10)
FNDA:0,(anonymous_11)
FNDA:0,(anonymous_12)
FNDA:0,(anonymous_13)
FNDA:0,(anonymous_14)
FNDA:0,(anonymous_15)
FNDA:0,(anonymous_16)
FNDA:0,(anonymous_17)
FNDA:0,(anonymous_18)
FNDA:0,(anonymous_19)
FNDA:0,(anonymous_20)
FNDA:0,(anonymous_21)
FNDA:0,(anonymous_22)
FNDA:0,(anonymous_23)
FNDA:0,(anonymous_24)
FNDA:0,(anonymous_25)
FNDA:0,(anonymous_26)
FNDA:0,(anonymous_27)
FNDA:0,(anonymous_28)
FNDA:0,(anonymous_29)
FNDA:0,(anonymous_30)
FNDA:0,(anonymous_31)
FNDA:0,(anonymous_32)
FNDA:0,(anonymous_33)
FNDA:0,(anonymous_34)
FNDA:0,(anonymous_35)
FNDA:0,(anonymous_36)
FNDA:0,(anonymous_37)
FNDA:0,(anonymous_38)
FNDA:0,(anonymous_39)
FNDA:0,(anonymous_40)
FNDA:0,(anonymous_41)
FNDA:0,(anonymous_42)
DA:1,0
DA:4,0
DA:9,1
DA:24,0
DA:31,0
DA:33,0
DA:35,0
DA:36,0
DA:43,1
DA:44,0
DA:46,0
DA:47,0
DA:48,0
DA:51,0
DA:52,0
DA:57,0
DA:61,0
DA:62,0
DA:64,0
DA:65,0
DA:66,0
DA:67,0
DA:68,0
DA:71,0
DA:75,0
DA:78,0
DA:81,0
DA:82,0
DA:86,0
DA:90,0
DA:91,0
DA:92,0
DA:93,0
DA:98,0
DA:99,0
DA:100,0
DA:106,0
DA:107,0
DA:110,0
DA:111,0
DA:117,0
DA:122,0
DA:125,0
DA:126,0
DA:129,0
DA:131,0
DA:133,0
DA:134,0
DA:150,0
DA:151,0
DA:152,0
DA:154,0
DA:158,0
DA:159,0
DA:161,0
DA:162,0
DA:163,0
DA:168,0
DA:169,0
DA:170,0
DA:171,0
DA:172,0
DA:173,0
DA:174,0
DA:175,0
DA:176,0
DA:177,0
DA:178,0
DA:179,0
DA:183,0
DA:187,0
DA:188,0
DA:201,0
DA:204,0
DA:206,0
DA:207,0
DA:208,0
DA:209,0
DA:210,0
DA:213,0
DA:217,0
DA:218,0
DA:222,0
DA:223,0
DA:224,0
DA:225,0
DA:226,0
DA:228,0
DA:229,0
DA:230,0
DA:231,0
DA:233,0
DA:238,0
DA:239,0
DA:240,0
DA:243,0
DA:244,0
DA:245,0
DA:246,0
DA:247,0
DA:248,0
DA:249,0
DA:250,0
DA:251,0
DA:252,0
DA:254,0
DA:257,0
DA:259,0
DA:260,0
DA:262,0
DA:263,0
DA:264,0
DA:267,0
DA:271,0
DA:272,0
DA:273,0
DA:274,0
DA:275,0
DA:280,0
DA:281,0
DA:282,0
DA:283,0
DA:285,0
DA:286,0
DA:294,0
DA:298,0
DA:300,0
DA:301,0
DA:303,0
DA:304,0
DA:305,0
DA:307,0
DA:308,0
DA:309,0
DA:317,0
DA:318,0
DA:323,0
DA:325,0
DA:326,0
DA:328,0
DA:329,0
DA:330,0
DA:335,0
DA:336,0
DA:342,0
DA:343,0
DA:349,0
DA:356,0
DA:357,0
DA:363,0
DA:365,0
DA:366,0
DA:367,0
DA:371,0
DA:372,0
DA:373,0
DA:376,0
DA:380,0
DA:381,0
DA:384,0
DA:385,0
DA:386,0
DA:388,0
DA:392,0
DA:393,0
DA:394,0
LF:166
LH:2
BRDA:44,1,0,0
BRDA:44,1,1,0
BRDA:44,2,0,0
BRDA:44,2,1,0
BRDA:51,3,0,0
BRDA:51,3,1,0
BRDA:62,4,0,0
BRDA:62,4,1,0
BRDA:66,5,0,0
BRDA:66,5,1,0
BRDA:69,6,0,0
BRDA:69,6,1,0
BRDA:81,7,0,0
BRDA:81,7,1,0
BRDA:81,8,0,0
BRDA:81,8,1,0
BRDA:81,8,2,0
BRDA:90,9,0,0
BRDA:90,9,1,0
BRDA:98,10,0,0
BRDA:98,10,1,0
BRDA:98,11,0,0
BRDA:98,11,1,0
BRDA:151,12,0,0
BRDA:151,12,1,0
BRDA:161,13,0,0
BRDA:161,13,1,0
BRDA:161,14,0,0
BRDA:161,14,1,0
BRDA:206,15,0,0
BRDA:206,15,1,0
BRDA:206,16,0,0
BRDA:206,16,1,0
BRDA:230,17,0,0
BRDA:230,17,1,0
BRDA:230,18,0,0
BRDA:230,18,1,0
BRDA:259,19,0,0
BRDA:259,19,1,0
BRDA:281,20,0,0
BRDA:281,20,1,0
BRDA:300,21,0,0
BRDA:300,21,1,0
BRDA:303,22,0,0
BRDA:303,22,1,0
BRDA:325,23,0,0
BRDA:325,23,1,0
BRDA:335,24,0,0
BRDA:335,24,1,0
BRDA:365,25,0,0
BRDA:365,25,1,0
BRDA:373,26,0,0
BRDA:373,26,1,0
BRDA:385,27,0,0
BRDA:385,27,1,0
BRF:55
BRH:0
end_of_record
TN:
SF:/home/alexander/Documents/www/revsw-portal/code/dev/js/portal/azure-resources/controller/azureResourcesCrud.controller.js
FN:1,(anonymous_1)
FN:9,AzureResourcesCrudController
FN:33,(anonymous_3)
FN:36,(anonymous_4)
FN:38,(anonymous_5)
FN:65,(anonymous_6)
FN:67,(anonymous_7)
FN:71,(anonymous_8)
FNF:8
FNH:0
FNDA:0,(anonymous_1)
FNDA:0,AzureResourcesCrudController
FNDA:0,(anonymous_3)
FNDA:0,(anonymous_4)
FNDA:0,(anonymous_5)
FNDA:0,(anonymous_6)
FNDA:0,(anonymous_7)
FNDA:0,(anonymous_8)
DA:1,0
DA:4,0
DA:9,1
DA:18,0
DA:24,0
DA:26,0
DA:30,0
DA:33,0
DA:34,0
DA:35,0
DA:37,0
DA:38,0
DA:39,0
DA:40,0
DA:45,0
DA:46,0
DA:49,0
DA:65,0
DA:66,0
DA:71,0
DA:72,0
LF:21
LH:1
BRDA:34,1,0,0
BRDA:34,1,1,0
BRDA:37,2,0,0
BRDA:37,2,1,0
BRDA:45,3,0,0
BRDA:45,3,1,0
BRDA:45,4,0,0
BRDA:45,4,1,0
BRF:8
BRH:0
end_of_record
TN:
SF:/home/alexander/Documents/www/revsw-portal/code/dev/js/portal/auth/2fa/disableTwoFactorAuth.directive.js
FN:1,(anonymous_1)
FN:9,disableTwoFactorAuthDirective
FN:19,(anonymous_3)
FN:53,(anonymous_4)
FN:66,(anonymous_5)
FN:71,(anonymous_6)
FN:81,(anonymous_7)
FN:112,(anonymous_8)
FN:119,(anonymous_9)
FN:122,(anonymous_10)
FN:130,(anonymous_11)
FN:139,(anonymous_12)
FN:159,(anonymous_13)
FNF:13
FNH:0
FNDA:0,(anonymous_1)
FNDA:0,disableTwoFactorAuthDirective
FNDA:0,(anonymous_3)
FNDA:0,(anonymous_4)
FNDA:0,(anonymous_5)
FNDA:0,(anonymous_6)
FNDA:0,(anonymous_7)
FNDA:0,(anonymous_8)
FNDA:0,(anonymous_9)
FNDA:0,(anonymous_10)
FNDA:0,(anonymous_11)
FNDA:0,(anonymous_12)
FNDA:0,(anonymous_13)
DA:1,0
DA:4,0
DA:9,1
DA:11,0
DA:27,0
DA:34,0
DA:41,0
DA:48,0
DA:53,0
DA:54,0
DA:55,0
DA:57,0
DA:60,0
DA:61,0
DA:63,0
DA:67,0
DA:68,0
DA:72,0
DA:81,0
DA:83,0
DA:84,0
DA:92,0
DA:94,0
DA:97,0
DA:99,0
DA:107,0
DA:113,0
DA:114,0
DA:116,0
DA:117,0
DA:120,0
DA:123,0
DA:130,0
DA:131,0
DA:139,0
DA:140,0
DA:153,0
DA:159,0
DA:160,0
DA:161,0
DA:163,0
LF:41
LH:1
BRDA:55,1,0,0
BRDA:55,1,1,0
BRDA:83,2,0,0
BRDA:83,2,1,0
BRDA:92,3,0,0
BRDA:92,3,1,0
BRDA:113,4,0,0
BRDA:113,4,1,0
BRDA:160,5,0,0
BRDA:160,5,1,0
BRF:10
BRH:0
end_of_record
TN:
SF:/home/alexander/Documents/www/revsw-portal/code/dev/js/portal/auth/azure-sso/azureSSO.controller.js
FN:1,(anonymous_1)
FN:8,AzureSSOController
FN:15,(anonymous_3)
FN:19,(anonymous_4)
FN:26,(anonymous_5)
FN:30,(anonymous_6)
FN:35,(anonymous_7)
FNF:7
FNH:0
FNDA:0,(anonymous_1)
FNDA:0,AzureSSOController
FNDA:0,(anonymous_3)
FNDA:0,(anonymous_4)
FNDA:0,(anonymous_5)
FNDA:0,(anonymous_6)
FNDA:0,(anonymous_7)
DA:1,0
DA:4,0
DA:8,1
DA:9,0
DA:10,0
DA:11,0
DA:12,0
DA:13,0
DA:14,0
DA:15,0
DA:16,0
DA:17,0
DA:18,0
DA:20,0
DA:21,0
DA:23,0
DA:24,0
DA:27,0
DA:28,0
DA:31,0
DA:35,0
DA:36,0
LF:22
LH:1
BRF:0
BRH:0
end_of_record
TN:
SF:/home/alexander/Documents/www/revsw-portal/code/dev/js/portal/auth/block/blockUserLoginLogout.directive.js
FN:1,(anonymous_1)
FN:9,userLoginLogoutDirective
FN:15,(anonymous_3)
FN:20,(anonymous_4)
FN:25,(anonymous_5)
FNF:5
FNH:0
FNDA:0,(anonymous_1)
FNDA:0,userLoginLogoutDirective
FNDA:0,(anonymous_3)
FNDA:0,(anonymous_4)
FNDA:0,(anonymous_5)
DA:1,0
DA:4,0
DA:9,1
DA:10,0
DA:16,0
DA:18,0
DA:19,0
DA:20,0
DA:21,0
DA:22,0
DA:25,0
DA:26,0
LF:12
LH:1
BRF:0
BRH:0
end_of_record
TN:
SF:/home/alexander/Documents/www/revsw-portal/code/dev/js/portal/auth/login/forgotpass.controller.js
FN:1,(anonymous_1)
FN:9,ForgotPasswordController
FN:16,(anonymous_3)
FN:21,(anonymous_4)
FN:31,(anonymous_5)
FN:37,(anonymous_6)
FN:44,(anonymous_7)
FN:51,(anonymous_8)
FN:57,(anonymous_9)
FN:66,(anonymous_10)
FNF:10
FNH:0
FNDA:0,(anonymous_1)
FNDA:0,ForgotPasswordController
FNDA:0,(anonymous_3)
FNDA:0,(anonymous_4)
FNDA:0,(anonymous_5)
FNDA:0,(anonymous_6)
FNDA:0,(anonymous_7)
FNDA:0,(anonymous_8)
FNDA:0,(anonymous_9)
FNDA:0,(anonymous_10)
DA:1,0
DA:4,0
DA:9,1
DA:11,0
DA:16,0
DA:17,0
DA:18,0
DA:21,0
DA:22,0
DA:23,0
DA:25,0
DA:27,0
DA:29,0
DA:30,0
DA:32,0
DA:34,0
DA:38,0
DA:39,0
DA:41,0
DA:45,0
DA:51,0
DA:52,0
DA:58,0
DA:66,0
DA:67,0
LF:25
LH:1
BRDA:22,1,0,0
BRDA:22,1,1,0
BRDA:25,2,0,0
BRDA:25,2,1,0
BRDA:25,3,0,0
BRDA:25,3,1,0
BRDA:32,4,0,0
BRDA:32,4,1,0
BRDA:32,5,0,0
BRDA:32,5,1,0
BRDA:32,5,2,0
BRDA:38,6,0,0
BRDA:38,6,1,0
BRF:13
BRH:0
end_of_record
TN:
SF:/home/alexander/Documents/www/revsw-portal/code/dev/js/portal/auth/login/login.controller.js
FN:1,(anonymous_1)
FN:9,LoginController
FN:46,(anonymous_3)
FN:48,(anonymous_4)
FN:54,(anonymous_5)
FN:59,(anonymous_6)
FN:66,(anonymous_7)
FN:71,(anonymous_8)
FN:100,(anonymous_9)
FN:106,(anonymous_10)
FN:115,(anonymous_11)
FN:122,(anonymous_12)
FN:134,(anonymous_13)
FN:141,(anonymous_14)
FN:147,(anonymous_15)
FN:156,(anonymous_16)
FNF:16
FNH:0
FNDA:0,(anonymous_1)
FNDA:0,LoginController
FNDA:0,(anonymous_3)
FNDA:0,(anonymous_4)
FNDA:0,(anonymous_5)
FNDA:0,(anonymous_6)
FNDA:0,(anonymous_7)
FNDA:0,(anonymous_8)
FNDA:0,(anonymous_9)
FNDA:0,(anonymous_10)
FNDA:0,(anonymous_11)
FNDA:0,(anonymous_12)
FNDA:0,(anonymous_13)
FNDA:0,(anonymous_14)
FNDA:0,(anonymous_15)
FNDA:0,(anonymous_16)
DA:1,0
DA:4,0
DA:9,1
DA:11,0
DA:13,0
DA:15,0
DA:34,0
DA:42,0
DA:43,0
DA:46,0
DA:47,0
DA:50,0
DA:54,0
DA:55,0
DA:56,0
DA:57,0
DA:58,0
DA:60,0
DA:62,0
DA:64,0
DA:67,0
DA:72,0
DA:73,0
DA:74,0
DA:76,0
DA:77,0
DA:79,0
DA:80,0
DA:82,0
DA:83,0
DA:84,0
DA:87,0
DA:91,0
DA:92,0
DA:96,0
DA:97,0
DA:100,0
DA:101,0
DA:107,0
DA:115,0
DA:116,0
DA:117,0
DA:122,0
DA:123,0
DA:134,0
DA:135,0
DA:136,0
DA:141,0
DA:142,0
DA:148,0
DA:156,0
LF:51
LH:1
BRDA:60,1,0,0
BRDA:60,1,1,0
BRDA:73,2,0,0
BRDA:73,2,1,0
BRDA:76,3,0,0
BRDA:76,3,1,0
BRDA:79,4,0,0
BRDA:79,4,1,0
BRDA:82,5,0,0
BRDA:82,5,1,0
BRDA:83,6,0,0
BRDA:83,6,1,0
BRDA:83,7,0,0
BRDA:83,7,1,0
BRDA:96,8,0,0
BRDA:96,8,1,0
BRDA:96,9,0,0
BRDA:96,9,1,0
BRDA:96,9,2,0
BRDA:116,10,0,0
BRDA:116,10,1,0
BRDA:135,11,0,0
BRDA:135,11,1,0
BRF:23
BRH:0
end_of_record
TN:
SF:/home/alexander/Documents/www/revsw-portal/code/dev/js/portal/auth/login/passwordRestore.controller.js
FN:1,(anonymous_1)
FN:9,PasswordRestoreController
FN:17,(anonymous_3)
FN:21,(anonymous_4)
FN:23,(anonymous_5)
FN:28,(anonymous_6)
FNF:6
FNH:0
FNDA:0,(anonymous_1)
FNDA:0,PasswordRestoreController
FNDA:0,(anonymous_3)
FNDA:0,(anonymous_4)
FNDA:0,(anonymous_5)
FNDA:0,(anonymous_6)
DA:1,0
DA:4,0
DA:9,1
DA:10,0
DA:11,0
DA:13,0
DA:14,0
DA:15,0
DA:17,0
DA:18,0
DA:19,0
DA:20,0
DA:22,0
DA:23,0
DA:24,0
DA:29,0
LF:16
LH:1
BRF:0
BRH:0
end_of_record
TN:
SF:/home/alexander/Documents/www/revsw-portal/code/dev/js/portal/auth/login/resendRegistrationEmail.controller.js
FN:1,(anonymous_1)
FN:9,resendRegistrationEmailController
FN:13,(anonymous_3)
FN:18,(anonymous_4)
FN:27,(anonymous_5)
FN:33,(anonymous_6)
FN:37,(anonymous_7)
FNF:7
FNH:0
FNDA:0,(anonymous_1)
FNDA:0,resendRegistrationEmailController
FNDA:0,(anonymous_3)
FNDA:0,(anonymous_4)
FNDA:0,(anonymous_5)
FNDA:0,(anonymous_6)
FNDA:0,(anonymous_7)
DA:1,0
DA:4,0
DA:9,1
DA:10,0
DA:11,0
DA:13,0
DA:14,0
DA:15,0
DA:18,0
DA:19,0
DA:21,0
DA:23,0
DA:24,0
DA:28,0
DA:30,0
DA:31,0
DA:34,0
DA:38,0
LF:18
LH:1
BRDA:19,1,0,0
BRDA:19,1,1,0
BRDA:28,2,0,0
BRDA:28,2,1,0
BRDA:28,3,0,0
BRDA:28,3,1,0
BRF:6
BRH:0
end_of_record
TN:
SF:/home/alexander/Documents/www/revsw-portal/code/dev/js/portal/auth/login/twoFactorAuthCodeModal.controller.js
FN:1,(anonymous_1)
FN:9,TwoFactorAuthCodeModalController
FN:15,(anonymous_3)
FN:20,(anonymous_4)
FN:28,(anonymous_5)
FN:31,(anonymous_6)
FN:40,(anonymous_7)
FNF:7
FNH:0
FNDA:0,(anonymous_1)
FNDA:0,TwoFactorAuthCodeModalController
FNDA:0,(anonymous_3)
FNDA:0,(anonymous_4)
FNDA:0,(anonymous_5)
FNDA:0,(anonymous_6)
FNDA:0,(anonymous_7)
DA:1,0
DA:4,0
DA:9,1
DA:10,0
DA:15,0
DA:16,0
DA:17,0
DA:20,0
DA:21,0
DA:22,0
DA:24,0
DA:25,0
DA:26,0
DA:27,0
DA:29,0
DA:32,0
DA:33,0
DA:34,0
DA:36,0
DA:37,0
DA:41,0
DA:44,0
DA:45,0
LF:23
LH:1
BRDA:21,1,0,0
BRDA:21,1,1,0
BRDA:33,2,0,0
BRDA:33,2,1,0
BRDA:36,3,0,0
BRDA:36,3,1,0
BRF:6
BRH:0
end_of_record
TN:
SF:/home/alexander/Documents/www/revsw-portal/code/dev/js/portal/auth/menu/selectAccountDomain.directive.js
FN:1,(anonymous_1)
FN:9,selectAccountDomain
FN:14,(anonymous_3)
FN:20,(anonymous_4)
FN:27,(anonymous_5)
FNF:5
FNH:0
FNDA:0,(anonymous_1)
FNDA:0,selectAccountDomain
FNDA:0,(anonymous_3)
FNDA:0,(anonymous_4)
FNDA:0,(anonymous_5)
DA:1,0
DA:4,0
DA:9,1
DA:10,0
DA:16,0
DA:18,0
DA:20,0
DA:21,0
DA:22,0
DA:25,0
DA:28,0
DA:29,0
LF:12
LH:1
BRF:0
BRH:0
end_of_record
TN:
SF:/home/alexander/Documents/www/revsw-portal/code/dev/js/portal/auth/services/user.service.js
FN:1,(anonymous_1)
FN:9,User
FN:48,clearAll
FN:72,getToken
FN:81,setToken
FN:93,isAuthed
FN:108,addAuthHeaderForAPI
FN:117,clearAuthHeaderForAPI
FN:122,_successGetUserMyself
FN:146,(anonymous_10)
FN:159,authenticate
FN:160,(anonymous_12)
FN:168,(anonymous_13)
FN:182,login
FN:195,(anonymous_15)
FN:203,(anonymous_16)
FN:212,logout
FN:225,getUser
FN:234,isAdmin
FN:244,isReseller
FN:255,isRevadmin
FN:265,isUser
FN:275,hasBillingPlan
FN:284,reloadUser
FN:286,(anonymous_25)
FN:302,forgotPassword
FN:304,(anonymous_27)
FN:320,resetPassword
FN:322,(anonymous_29)
FN:339,updatePassword
FN:347,(anonymous_31)
FN:353,(anonymous_32)
FN:364,getUserDomains
FN:365,(anonymous_34)
FN:371,(anonymous_35)
FN:375,(anonymous_36)
FN:386,selectDomain
FN:395,getSelectedDomain
FN:404,getUserApps
FN:406,(anonymous_40)
FN:411,(anonymous_41)
FN:413,(anonymous_42)
FN:422,(anonymous_43)
FN:441,selectApplication
FN:446,getSelectedApplication
FN:456,selectDNSZone
FN:465,getSelectedDNSZone
FN:474,getUserAccounts
FN:475,(anonymous_49)
FN:480,(anonymous_50)
FN:483,(anonymous_51)
FN:492,(anonymous_52)
FN:508,(anonymous_53)
FN:514,selectAccount
FN:519,getSelectedAccount
FN:529,getUserDNSZones
FN:530,(anonymous_57)
FN:535,(anonymous_58)
FN:538,(anonymous_59)
FN:557,(anonymous_60)
FN:563,updateToken
FN:569,(anonymous_62)
FN:580,deleteAccountProfile
FN:592,(anonymous_64)
FN:607,authAzureSSO
FN:609,(anonymous_66)
FN:614,(anonymous_67)
FN:624,getACL
FN:642,isReadOnly
FNF:69
FNH:0
FNDA:0,(anonymous_1)
FNDA:0,User
FNDA:0,clearAll
FNDA:0,getToken
FNDA:0,setToken
FNDA:0,isAuthed
FNDA:0,addAuthHeaderForAPI
FNDA:0,clearAuthHeaderForAPI
FNDA:0,_successGetUserMyself
FNDA:0,(anonymous_10)
FNDA:0,authenticate
FNDA:0,(anonymous_12)
FNDA:0,(anonymous_13)
FNDA:0,login
FNDA:0,(anonymous_15)
FNDA:0,(anonymous_16)
FNDA:0,logout
FNDA:0,getUser
FNDA:0,isAdmin
FNDA:0,isReseller
FNDA:0,isRevadmin
FNDA:0,isUser
FNDA:0,hasBillingPlan
FNDA:0,reloadUser
FNDA:0,(anonymous_25)
FNDA:0,forgotPassword
FNDA:0,(anonymous_27)
FNDA:0,resetPassword
FNDA:0,(anonymous_29)
FNDA:0,updatePassword
FNDA:0,(anonymous_31)
FNDA:0,(anonymous_32)
FNDA:0,getUserDomains
FNDA:0,(anonymous_34)
FNDA:0,(anonymous_35)
FNDA:0,(anonymous_36)
FNDA:0,selectDomain
FNDA:0,getSelectedDomain
FNDA:0,getUserApps
FNDA:0,(anonymous_40)
FNDA:0,(anonymous_41)
FNDA:0,(anonymous_42)
FNDA:0,(anonymous_43)
FNDA:0,selectApplication
FNDA:0,getSelectedApplication
FNDA:0,selectDNSZone
FNDA:0,getSelectedDNSZone
FNDA:0,getUserAccounts
FNDA:0,(anonymous_49)
FNDA:0,(anonymous_50)
FNDA:0,(anonymous_51)
FNDA:0,(anonymous_52)
FNDA:0,(anonymous_53)
FNDA:0,selectAccount
FNDA:0,getSelectedAccount
FNDA:0,getUserDNSZones
FNDA:0,(anonymous_57)
FNDA:0,(anonymous_58)
FNDA:0,(anonymous_59)
FNDA:0,(anonymous_60)
FNDA:0,updateToken
FNDA:0,(anonymous_62)
FNDA:0,deleteAccountProfile
FNDA:0,(anonymous_64)
FNDA:0,authAzureSSO
FNDA:0,(anonymous_66)
FNDA:0,(anonymous_67)
FNDA:0,getACL
FNDA:0,isReadOnly
DA:1,0
DA:4,0
DA:9,1
DA:15,0
DA:22,0
DA:28,0
DA:29,0
DA:35,0
DA:36,0
DA:43,0
DA:44,0
DA:48,1
DA:49,0
DA:50,0
DA:52,0
DA:53,0
DA:54,0
DA:72,1
DA:73,0
DA:81,1
DA:82,0
DA:83,0
DA:85,0
DA:93,1
DA:94,0
DA:95,0
DA:97,0
DA:99,0
DA:108,1
DA:109,0
DA:110,0
DA:111,0
DA:117,1
DA:118,0
DA:119,0
DA:122,1
DA:123,0
DA:125,0
DA:127,0
DA:132,0
DA:135,0
DA:136,0
DA:138,0
DA:139,0
DA:140,0
DA:142,0
DA:143,0
DA:144,0
DA:145,0
DA:147,0
DA:150,0
DA:154,0
DA:156,0
DA:159,1
DA:160,0
DA:161,0
DA:162,0
DA:163,0
DA:164,0
DA:167,0
DA:169,0
DA:170,0
DA:182,1
DA:183,0
DA:184,0
DA:187,0
DA:192,0
DA:193,0
DA:195,0
DA:196,0
DA:197,0
DA:198,0
DA:199,0
DA:202,0
DA:204,0
DA:205,0
DA:212,1
DA:213,0
DA:215,0
DA:216,0
DA:217,0
DA:225,1
DA:226,0
DA:234,1
DA:235,0
DA:236,0
DA:244,1
DA:245,0
DA:246,0
DA:255,1
DA:256,0
DA:257,0
DA:265,1
DA:266,0
DA:267,0
DA:275,1
DA:276,0
DA:277,0
DA:284,1
DA:285,0
DA:287,0
DA:288,0
DA:291,0
DA:293,0
DA:302,1
DA:303,0
DA:305,0
DA:307,0
DA:309,0
DA:320,1
DA:321,0
DA:323,0
DA:325,0
DA:327,0
DA:339,1
DA:340,0
DA:341,0
DA:342,0
DA:344,0
DA:348,0
DA:349,0
DA:353,0
DA:354,0
DA:364,1
DA:365,0
DA:366,0
DA:367,0
DA:369,0
DA:372,0
DA:373,0
DA:376,0
DA:377,0
DA:386,1
DA:387,0
DA:395,1
DA:396,0
DA:404,1
DA:405,0
DA:406,0
DA:407,0
DA:408,0
DA:410,0
DA:412,0
DA:413,0
DA:414,0
DA:423,0
DA:426,0
DA:427,0
DA:428,0
DA:433,0
DA:435,0
DA:441,1
DA:442,0
DA:443,0
DA:446,1
DA:448,0
DA:456,1
DA:457,0
DA:458,0
DA:465,1
DA:466,0
DA:474,1
DA:475,0
DA:476,0
DA:477,0
DA:479,0
DA:482,0
DA:483,0
DA:484,0
DA:493,0
DA:496,0
DA:497,0
DA:498,0
DA:503,0
DA:505,0
DA:514,1
DA:515,0
DA:516,0
DA:519,1
DA:520,0
DA:529,1
DA:530,0
DA:531,0
DA:532,0
DA:534,0
DA:537,0
DA:538,0
DA:539,0
DA:545,0
DA:546,0
DA:547,0
DA:552,0
DA:554,0
DA:563,1
DA:564,0
DA:565,0
DA:566,0
DA:567,0
DA:568,0
DA:570,0
DA:573,0
DA:577,0
DA:580,1
DA:581,0
DA:582,0
DA:591,0
DA:594,0
DA:595,0
DA:598,0
DA:607,1
DA:608,0
DA:610,0
DA:612,0
DA:614,0
DA:615,0
DA:624,1
DA:625,0
DA:626,0
DA:633,0
DA:642,1
DA:643,0
DA:644,0
DA:645,0
DA:648,0
LF:224
LH:38
BRDA:49,1,0,0
BRDA:49,1,1,0
BRDA:49,2,0,0
BRDA:49,2,1,0
BRDA:73,3,0,0
BRDA:73,3,1,0
BRDA:82,4,0,0
BRDA:82,4,1,0
BRDA:95,5,0,0
BRDA:95,5,1,0
BRDA:123,6,0,0
BRDA:123,6,1,0
BRDA:123,7,0,0
BRDA:123,7,1,0
BRDA:127,8,0,0
BRDA:127,8,1,0
BRDA:127,9,0,0
BRDA:127,9,1,0
BRDA:127,9,2,0
BRDA:127,9,3,0
BRDA:140,10,0,0
BRDA:140,10,1,0
BRDA:161,11,0,0
BRDA:161,11,1,0
BRDA:183,12,0,0
BRDA:183,12,1,0
BRDA:183,13,0,0
BRDA:183,13,1,0
BRDA:192,14,0,0
BRDA:192,14,1,0
BRDA:196,15,0,0
BRDA:196,15,1,0
BRDA:226,16,0,0
BRDA:226,16,1,0
BRDA:236,17,0,0
BRDA:236,17,1,0
BRDA:236,17,2,0
BRDA:246,18,0,0
BRDA:246,18,1,0
BRDA:246,18,2,0
BRDA:257,19,0,0
BRDA:257,19,1,0
BRDA:257,19,2,0
BRDA:267,20,0,0
BRDA:267,20,1,0
BRDA:267,20,2,0
BRDA:276,21,0,0
BRDA:276,21,1,0
BRDA:287,22,0,0
BRDA:287,22,1,0
BRDA:287,23,0,0
BRDA:287,23,1,0
BRDA:305,24,0,0
BRDA:305,24,1,0
BRDA:305,25,0,0
BRDA:305,25,1,0
BRDA:323,26,0,0
BRDA:323,26,1,0
BRDA:323,27,0,0
BRDA:323,27,1,0
BRDA:341,28,0,0
BRDA:341,28,1,0
BRDA:341,29,0,0
BRDA:341,29,1,0
BRDA:348,30,0,0
BRDA:348,30,1,0
BRDA:348,31,0,0
BRDA:348,31,1,0
BRDA:366,32,0,0
BRDA:366,32,1,0
BRDA:366,33,0,0
BRDA:366,33,1,0
BRDA:366,33,2,0
BRDA:407,34,0,0
BRDA:407,34,1,0
BRDA:407,35,0,0
BRDA:407,35,1,0
BRDA:412,36,0,0
BRDA:412,36,1,0
BRDA:412,37,0,0
BRDA:412,37,1,0
BRDA:427,38,0,0
BRDA:427,38,1,0
BRDA:427,39,0,0
BRDA:427,39,1,0
BRDA:448,40,0,0
BRDA:448,40,1,0
BRDA:466,41,0,0
BRDA:466,41,1,0
BRDA:476,42,0,0
BRDA:476,42,1,0
BRDA:476,43,0,0
BRDA:476,43,1,0
BRDA:482,44,0,0
BRDA:482,44,1,0
BRDA:482,45,0,0
BRDA:482,45,1,0
BRDA:497,46,0,0
BRDA:497,46,1,0
BRDA:497,47,0,0
BRDA:497,47,1,0
BRDA:520,48,0,0
BRDA:520,48,1,0
BRDA:531,49,0,0
BRDA:531,49,1,0
BRDA:531,50,0,0
BRDA:531,50,1,0
BRDA:537,51,0,0
BRDA:537,51,1,0
BRDA:537,52,0,0
BRDA:537,52,1,0
BRDA:546,53,0,0
BRDA:546,53,1,0
BRDA:546,54,0,0
BRDA:546,54,1,0
BRDA:565,55,0,0
BRDA:565,55,1,0
BRDA:610,56,0,0
BRDA:610,56,1,0
BRDA:610,57,0,0
BRDA:610,57,1,0
BRDA:633,58,0,0
BRDA:633,58,1,0
BRF:123
BRH:0
end_of_record
TN:
SF:/home/alexander/Documents/www/revsw-portal/code/dev/js/portal/bluetriangletech/services/BTTPortal.service.js
FN:1,(anonymous_1)
FN:14,BTTPortalService
FN:53,generateUrlConversionReport
FN:96,generateUrlBounceRateReport
FN:143,generateUrlBrandConversionRateReport
FN:191,generateUrlLostRevenueCalculatorReport
FN:242,generateUrlTrafficInfoReport
FNF:7
FNH:0
FNDA:0,(anonymous_1)
FNDA:0,BTTPortalService
FNDA:0,generateUrlConversionReport
FNDA:0,generateUrlBounceRateReport
FNDA:0,generateUrlBrandConversionRateReport
FNDA:0,generateUrlLostRevenueCalculatorReport
FNDA:0,generateUrlTrafficInfoReport
DA:1,0
DA:3,0
DA:14,1
DA:15,0
DA:17,0
DA:53,1
DA:54,0
DA:55,0
DA:56,0
DA:58,0
DA:59,0
DA:60,0
DA:61,0
DA:67,0
DA:68,0
DA:69,0
DA:70,0
DA:71,0
DA:82,0
DA:83,0
DA:84,0
DA:96,1
DA:97,0
DA:98,0
DA:99,0
DA:101,0
DA:102,0
DA:103,0
DA:104,0
DA:110,0
DA:111,0
DA:112,0
DA:113,0
DA:114,0
DA:130,0
DA:131,0
DA:132,0
DA:143,1
DA:144,0
DA:145,0
DA:146,0
DA:148,0
DA:149,0
DA:150,0
DA:151,0
DA:157,0
DA:158,0
DA:159,0
DA:160,0
DA:161,0
DA:178,0
DA:179,0
DA:180,0
DA:191,1
DA:192,0
DA:193,0
DA:194,0
DA:196,0
DA:197,0
DA:198,0
DA:199,0
DA:205,0
DA:206,0
DA:208,0
DA:209,0
DA:210,0
DA:228,0
DA:229,0
DA:230,0
DA:242,1
DA:243,0
DA:244,0
DA:245,0
DA:247,0
DA:248,0
DA:249,0
DA:250,0
DA:256,0
DA:257,0
DA:259,0
DA:260,0
DA:261,0
DA:279,0
DA:280,0
DA:281,0
DA:284,0
LF:86
LH:6
BRDA:58,1,0,0
BRDA:58,1,1,0
BRDA:59,2,0,0
BRDA:59,2,1,0
BRDA:60,3,0,0
BRDA:60,3,1,0
BRDA:70,4,0,0
BRDA:70,4,1,0
BRDA:101,5,0,0
BRDA:101,5,1,0
BRDA:102,6,0,0
BRDA:102,6,1,0
BRDA:103,7,0,0
BRDA:103,7,1,0
BRDA:113,8,0,0
BRDA:113,8,1,0
BRDA:148,9,0,0
BRDA:148,9,1,0
BRDA:149,10,0,0
BRDA:149,10,1,0
BRDA:150,11,0,0
BRDA:150,11,1,0
BRDA:160,12,0,0
BRDA:160,12,1,0
BRDA:196,13,0,0
BRDA:196,13,1,0
BRDA:197,14,0,0
BRDA:197,14,1,0
BRDA:198,15,0,0
BRDA:198,15,1,0
BRDA:209,16,0,0
BRDA:209,16,1,0
BRDA:247,17,0,0
BRDA:247,17,1,0
BRDA:248,18,0,0
BRDA:248,18,1,0
BRDA:249,19,0,0
BRDA:249,19,1,0
BRDA:260,20,0,0
BRDA:260,20,1,0
BRF:40
BRH:0
end_of_record
TN:
SF:/home/alexander/Documents/www/revsw-portal/code/dev/js/portal/azure-subscriptions/controller/azureSubscriptionResources.controller.js
FN:1,(anonymous_1)
FN:8,AzureSubscriptionResourcesController
FN:18,(anonymous_3)
FN:22,(anonymous_4)
FN:26,(anonymous_5)
FN:29,(anonymous_6)
FN:33,(anonymous_7)
FN:54,(anonymous_8)
FN:70,(anonymous_9)
FN:101,(anonymous_10)
FN:103,(anonymous_11)
FNF:11
FNH:0
FNDA:0,(anonymous_1)
FNDA:0,AzureSubscriptionResourcesController
FNDA:0,(anonymous_3)
FNDA:0,(anonymous_4)
FNDA:0,(anonymous_5)
FNDA:0,(anonymous_6)
FNDA:0,(anonymous_7)
FNDA:0,(anonymous_8)
FNDA:0,(anonymous_9)
FNDA:0,(anonymous_10)
FNDA:0,(anonymous_11)
DA:1,0
DA:4,0
DA:8,1
DA:10,0
DA:11,0
DA:13,0
DA:14,0
DA:15,0
DA:17,0
DA:19,0
DA:22,0
DA:23,0
DA:24,0
DA:25,0
DA:27,0
DA:30,0
DA:34,0
DA:37,0
DA:38,0
DA:44,0
DA:46,0
DA:54,0
DA:55,0
DA:56,0
DA:57,0
DA:70,0
DA:71,0
DA:72,0
DA:73,0
DA:75,0
DA:76,0
DA:80,0
DA:88,0
DA:101,0
DA:102,0
LF:35
LH:1
BRDA:15,1,0,0
BRDA:15,1,1,0
BRDA:23,2,0,0
BRDA:23,2,1,0
BRDA:71,3,0,0
BRDA:71,3,1,0
BRDA:75,4,0,0
BRDA:75,4,1,0
BRDA:82,5,0,0
BRDA:82,5,1,0
BRDA:85,6,0,0
BRDA:85,6,1,0
BRF:12
BRH:0
end_of_record
TN:
SF:/home/alexander/Documents/www/revsw-portal/code/dev/js/portal/azure-subscriptions/controller/azureSubscriptions.controller.js
FN:1,(anonymous_1)
FN:9,AzureSubscriptions
FN:32,(anonymous_3)
FN:48,(anonymous_4)
FN:55,(anonymous_5)
FN:65,(anonymous_6)
FN:71,(anonymous_7)
FN:75,(anonymous_8)
FN:81,(anonymous_9)
FN:94,(anonymous_10)
FN:96,(anonymous_11)
FNF:11
FNH:0
FNDA:0,(anonymous_1)
FNDA:0,AzureSubscriptions
FNDA:0,(anonymous_3)
FNDA:0,(anonymous_4)
FNDA:0,(anonymous_5)
FNDA:0,(anonymous_6)
FNDA:0,(anonymous_7)
FNDA:0,(anonymous_8)
FNDA:0,(anonymous_9)
FNDA:0,(anonymous_10)
FNDA:0,(anonymous_11)
DA:1,0
DA:4,0
DA:9,1
DA:10,0
DA:12,0
DA:18,0
DA:20,0
DA:21,0
DA:30,0
DA:31,0
DA:32,0
DA:33,0
DA:34,0
DA:36,0
DA:37,0
DA:38,0
DA:48,0
DA:49,0
DA:50,0
DA:51,0
DA:56,0
DA:65,0
DA:66,0
DA:71,0
DA:72,0
DA:75,0
DA:76,0
DA:79,0
DA:81,0
DA:82,0
DA:94,0
DA:95,0
LF:32
LH:1
BRDA:33,1,0,0
BRDA:33,1,1,0
BRDA:49,2,0,0
BRDA:49,2,1,0
BRF:4
BRH:0
end_of_record
TN:
SF:/home/alexander/Documents/www/revsw-portal/code/dev/js/portal/cache/cache-environment-drop-down-menu/cache-environment-drop-down-menu.compoment.js
FN:1,(anonymous_1)
FN:4,(anonymous_2)
FN:9,cacheEnvironmentDropDownMenu
FN:20,cacheEnvironmentDropDownMenuController
FN:25,(anonymous_5)
FNF:5
FNH:0
FNDA:0,(anonymous_1)
FNDA:0,(anonymous_2)
FNDA:0,cacheEnvironmentDropDownMenu
FNDA:0,cacheEnvironmentDropDownMenuController
FNDA:0,(anonymous_5)
DA:1,0
DA:2,0
DA:5,0
DA:6,0
DA:9,1
DA:10,0
DA:11,0
DA:21,0
DA:23,0
DA:25,0
LF:10
LH:1
BRF:0
BRH:0
end_of_record
TN:
SF:/home/alexander/Documents/www/revsw-portal/code/dev/js/portal/cache/controller/cachePurge.controller.js
FN:1,(anonymous_1)
FN:9,CachePurgeController
FN:60,(anonymous_3)
FN:70,(anonymous_4)
FN:78,(anonymous_5)
FN:93,(anonymous_6)
FN:98,(anonymous_7)
FN:108,(anonymous_8)
FN:124,(anonymous_9)
FN:126,(anonymous_10)
FN:130,(anonymous_11)
FN:141,(anonymous_12)
FN:147,(anonymous_13)
FN:157,(anonymous_14)
FN:159,(anonymous_15)
FN:163,(anonymous_16)
FN:192,(anonymous_17)
FN:199,(anonymous_18)
FN:223,(anonymous_19)
FN:247,(anonymous_20)
FN:263,(anonymous_21)
FN:273,(anonymous_22)
FN:274,(anonymous_23)
FN:277,(anonymous_24)
FN:288,(anonymous_25)
FN:315,(anonymous_26)
FN:325,(anonymous_27)
FN:328,(anonymous_28)
FN:339,(anonymous_29)
FN:342,(anonymous_30)
FN:345,(anonymous_31)
FN:356,(anonymous_32)
FN:374,(anonymous_33)
FNF:33
FNH:0
FNDA:0,(anonymous_1)
FNDA:0,CachePurgeController
FNDA:0,(anonymous_3)
FNDA:0,(anonymous_4)
FNDA:0,(anonymous_5)
FNDA:0,(anonymous_6)
FNDA:0,(anonymous_7)
FNDA:0,(anonymous_8)
FNDA:0,(anonymous_9)
FNDA:0,(anonymous_10)
FNDA:0,(anonymous_11)
FNDA:0,(anonymous_12)
FNDA:0,(anonymous_13)
FNDA:0,(anonymous_14)
FNDA:0,(anonymous_15)
FNDA:0,(anonymous_16)
FNDA:0,(anonymous_17)
FNDA:0,(anonymous_18)
FNDA:0,(anonymous_19)
FNDA:0,(anonymous_20)
FNDA:0,(anonymous_21)
FNDA:0,(anonymous_22)
FNDA:0,(anonymous_23)
FNDA:0,(anonymous_24)
FNDA:0,(anonymous_25)
FNDA:0,(anonymous_26)
FNDA:0,(anonymous_27)
FNDA:0,(anonymous_28)
FNDA:0,(anonymous_29)
FNDA:0,(anonymous_30)
FNDA:0,(anonymous_31)
FNDA:0,(anonymous_32)
FNDA:0,(anonymous_33)
DA:1,0
DA:4,0
DA:9,1
DA:12,0
DA:13,0
DA:14,0
DA:15,0
DA:17,0
DA:27,0
DA:28,0
DA:60,0
DA:61,0
DA:65,0
DA:67,0
DA:71,0
DA:78,0
DA:79,0
DA:80,0
DA:82,0
DA:83,0
DA:84,0
DA:85,0
DA:86,0
DA:89,0
DA:94,0
DA:98,0
DA:99,0
DA:100,0
DA:102,0
DA:107,0
DA:108,0
DA:109,0
DA:116,0
DA:117,0
DA:120,0
DA:125,0
DA:127,0
DA:131,0
DA:141,0
DA:142,0
DA:143,0
DA:145,0
DA:148,0
DA:149,0
DA:150,0
DA:153,0
DA:158,0
DA:160,0
DA:164,0
DA:168,0
DA:192,0
DA:193,0
DA:199,0
DA:201,0
DA:202,0
DA:203,0
DA:207,0
DA:208,0
DA:209,0
DA:212,0
DA:223,0
DA:224,0
DA:225,0
DA:226,0
DA:228,0
DA:229,0
DA:233,0
DA:241,0
DA:247,0
DA:248,0
DA:249,0
DA:251,0
DA:257,0
DA:258,0
DA:260,0
DA:261,0
DA:262,0
DA:263,0
DA:264,0
DA:265,0
DA:266,0
DA:267,0
DA:268,0
DA:274,0
DA:275,0
DA:276,0
DA:277,0
DA:278,0
DA:279,0
DA:280,0
DA:283,0
DA:285,0
DA:289,0
DA:292,0
DA:294,0
DA:297,0
DA:301,0
DA:315,0
DA:316,0
DA:317,0
DA:319,0
DA:320,0
DA:322,0
DA:324,0
DA:326,0
DA:329,0
DA:339,0
DA:340,0
DA:341,0
DA:343,0
DA:346,0
DA:356,0
DA:358,0
DA:359,0
DA:362,0
DA:371,0
DA:374,0
DA:375,0
LF:118
LH:1
BRDA:27,1,0,0
BRDA:27,1,1,0
BRDA:79,2,0,0
BRDA:79,2,1,0
BRDA:99,3,0,0
BRDA:99,3,1,0
BRDA:99,4,0,0
BRDA:99,4,1,0
BRDA:142,5,0,0
BRDA:142,5,1,0
BRDA:201,6,0,0
BRDA:201,6,1,0
BRDA:209,7,0,0
BRDA:209,7,1,0
BRDA:224,8,0,0
BRDA:224,8,1,0
BRDA:228,9,0,0
BRDA:228,9,1,0
BRDA:235,10,0,0
BRDA:235,10,1,0
BRDA:238,11,0,0
BRDA:238,11,1,0
BRDA:248,12,0,0
BRDA:248,12,1,0
BRDA:266,13,0,0
BRDA:266,13,1,0
BRDA:276,14,0,0
BRDA:276,14,1,0
BRDA:316,15,0,0
BRDA:316,15,1,0
BRDA:319,16,0,0
BRDA:319,16,1,0
BRDA:319,17,0,0
BRDA:319,17,1,0
BRF:34
BRH:0
end_of_record
TN:
SF:/home/alexander/Documents/www/revsw-portal/code/dev/js/portal/companies/controller/accountResources.controller.js
FN:1,(anonymous_1)
FN:8,AccountResourcesController
FN:22,(anonymous_3)
FN:32,(anonymous_4)
FN:40,(anonymous_5)
FN:44,(anonymous_6)
FN:56,(anonymous_7)
FNF:7
FNH:0
FNDA:0,(anonymous_1)
FNDA:0,AccountResourcesController
FNDA:0,(anonymous_3)
FNDA:0,(anonymous_4)
FNDA:0,(anonymous_5)
FNDA:0,(anonymous_6)
FNDA:0,(anonymous_7)
DA:1,0
DA:4,0
DA:8,1
DA:9,0
DA:10,0
DA:11,0
DA:12,0
DA:13,0
DA:14,0
DA:15,0
DA:17,0
DA:18,0
DA:19,0
DA:22,0
DA:23,0
DA:24,0
DA:25,0
DA:27,0
DA:31,0
DA:33,0
DA:34,0
DA:35,0
DA:37,0
DA:41,0
DA:44,0
DA:45,0
DA:47,0
DA:48,0
DA:50,0
DA:56,0
DA:57,0
DA:58,0
LF:32
LH:1
BRDA:18,1,0,0
BRDA:18,1,1,0
BRDA:18,2,0,0
BRDA:18,2,1,0
BRDA:23,3,0,0
BRDA:23,3,1,0
BRDA:23,4,0,0
BRDA:23,4,1,0
BRDA:34,5,0,0
BRDA:34,5,1,0
BRDA:47,6,0,0
BRDA:47,6,1,0
BRF:12
BRH:0
end_of_record
TN:
SF:/home/alexander/Documents/www/revsw-portal/code/dev/js/portal/companies/controller/changeAccountVendorModalController.js
FN:1,(anonymous_1)
FN:9,ChangeAccountVendorModalController
FN:13,(anonymous_3)
FN:17,(anonymous_4)
FNF:4
FNH:0
FNDA:0,(anonymous_1)
FNDA:0,ChangeAccountVendorModalController
FNDA:0,(anonymous_3)
FNDA:0,(anonymous_4)
DA:1,0
DA:4,0
DA:9,1
DA:10,0
DA:11,0
DA:13,0
DA:14,0
DA:17,0
DA:18,0
LF:9
LH:1
BRDA:11,1,0,0
BRDA:11,1,1,0
BRF:2
BRH:0
end_of_record
TN:
SF:/home/alexander/Documents/www/revsw-portal/code/dev/js/portal/companies/controller/companies.controller.js
FN:1,(anonymous_1)
FN:9,CompaniesCrudController
FN:26,(anonymous_3)
FN:29,(anonymous_4)
FN:31,(anonymous_5)
FN:39,(anonymous_6)
FN:40,(anonymous_7)
FN:54,(anonymous_8)
FN:68,(anonymous_9)
FN:73,(anonymous_10)
FN:83,(anonymous_11)
FN:89,(anonymous_12)
FN:103,(anonymous_13)
FN:109,(anonymous_14)
FN:116,(anonymous_15)
FN:122,(anonymous_16)
FN:132,(anonymous_17)
FN:142,(anonymous_18)
FN:156,(anonymous_19)
FN:167,(anonymous_20)
FN:181,(anonymous_21)
FN:186,(anonymous_22)
FNF:22
FNH:0
FNDA:0,(anonymous_1)
FNDA:0,CompaniesCrudController
FNDA:0,(anonymous_3)
FNDA:0,(anonymous_4)
FNDA:0,(anonymous_5)
FNDA:0,(anonymous_6)
FNDA:0,(anonymous_7)
FNDA:0,(anonymous_8)
FNDA:0,(anonymous_9)
FNDA:0,(anonymous_10)
FNDA:0,(anonymous_11)
FNDA:0,(anonymous_12)
FNDA:0,(anonymous_13)
FNDA:0,(anonymous_14)
FNDA:0,(anonymous_15)
FNDA:0,(anonymous_16)
FNDA:0,(anonymous_17)
FNDA:0,(anonymous_18)
FNDA:0,(anonymous_19)
FNDA:0,(anonymous_20)
FNDA:0,(anonymous_21)
FNDA:0,(anonymous_22)
DA:1,0
DA:4,0
DA:9,1
DA:11,0
DA:17,0
DA:19,0
DA:21,0
DA:22,0
DA:26,0
DA:27,0
DA:28,0
DA:30,0
DA:31,0
DA:32,0
DA:33,0
DA:36,0
DA:40,0
DA:41,0
DA:44,0
DA:45,0
DA:46,0
DA:48,0
DA:49,0
DA:54,0
DA:55,0
DA:59,0
DA:68,0
DA:69,0
DA:73,0
DA:74,0
DA:83,0
DA:84,0
DA:85,0
DA:87,0
DA:90,0
DA:103,0
DA:104,0
DA:105,0
DA:107,0
DA:110,0
DA:111,0
DA:116,0
DA:117,0
DA:122,0
DA:124,0
DA:125,0
DA:126,0
DA:127,0
DA:128,0
DA:129,0
DA:132,0
DA:134,0
DA:135,0
DA:136,0
DA:137,0
DA:138,0
DA:139,0
DA:142,0
DA:144,0
DA:145,0
DA:146,0
DA:147,0
DA:148,0
DA:149,0
DA:156,0
DA:157,0
DA:159,0
DA:160,0
DA:161,0
DA:162,0
DA:163,0
DA:164,0
DA:167,0
DA:169,0
DA:181,0
DA:182,0
DA:187,0
DA:188,0
LF:78
LH:1
BRDA:27,1,0,0
BRDA:27,1,1,0
BRDA:30,2,0,0
BRDA:30,2,1,0
BRDA:44,3,0,0
BRDA:44,3,1,0
BRDA:84,4,0,0
BRDA:84,4,1,0
BRDA:104,5,0,0
BRDA:104,5,1,0
BRF:10
BRH:0
end_of_record
TN:
SF:/home/alexander/Documents/www/revsw-portal/code/dev/js/portal/dashboard/components/dashboard-btn-delete.conmponent.js
FN:1,(anonymous_1)
FN:8,dashboardBtnDelete
FN:19,(anonymous_3)
FN:28,(anonymous_4)
FN:38,(anonymous_5)
FN:42,(anonymous_6)
FN:53,(anonymous_7)
FN:57,(anonymous_8)
FN:60,(anonymous_9)
FN:63,(anonymous_10)
FNF:10
FNH:0
FNDA:0,(anonymous_1)
FNDA:0,dashboardBtnDelete
FNDA:0,(anonymous_3)
FNDA:0,(anonymous_4)
FNDA:0,(anonymous_5)
FNDA:0,(anonymous_6)
FNDA:0,(anonymous_7)
FNDA:0,(anonymous_8)
FNDA:0,(anonymous_9)
FNDA:0,(anonymous_10)
DA:1,0
DA:4,0
DA:8,1
DA:9,0
DA:20,0
DA:21,0
DA:28,0
DA:29,0
DA:30,0
DA:31,0
DA:32,0
DA:38,0
DA:39,0
DA:42,0
DA:44,0
DA:45,0
DA:53,0
DA:54,0
DA:55,0
DA:58,0
DA:59,0
DA:61,0
DA:64,0
LF:23
LH:1
BRF:0
BRH:0
end_of_record
TN:
SF:/home/alexander/Documents/www/revsw-portal/code/dev/js/portal/dashboard/components/dashboard-btn-new.component.js
FN:1,(anonymous_1)
FN:9,dashboardBtnNew
FN:19,(anonymous_3)
FN:23,(anonymous_4)
FN:33,(anonymous_5)
FN:51,(anonymous_6)
FN:63,(anonymous_7)
FN:67,(anonymous_8)
FN:72,(anonymous_9)
FN:75,(anonymous_10)
FNF:10
FNH:0
FNDA:0,(anonymous_1)
FNDA:0,dashboardBtnNew
FNDA:0,(anonymous_3)
FNDA:0,(anonymous_4)
FNDA:0,(anonymous_5)
FNDA:0,(anonymous_6)
FNDA:0,(anonymous_7)
FNDA:0,(anonymous_8)
FNDA:0,(anonymous_9)
FNDA:0,(anonymous_10)
DA:1,0
DA:4,0
DA:9,1
DA:10,0
DA:20,0
DA:21,0
DA:22,0
DA:23,0
DA:33,0
DA:34,0
DA:35,0
DA:36,0
DA:37,0
DA:45,0
DA:51,0
DA:53,0
DA:54,0
DA:63,0
DA:64,0
DA:65,0
DA:68,0
DA:69,0
DA:73,0
DA:76,0
LF:24
LH:1
BRF:0
BRH:0
end_of_record
TN:
SF:/home/alexander/Documents/www/revsw-portal/code/dev/js/portal/dashboard/components/dashboard-nav-menu.component.js
FN:1,(anonymous_1)
FN:9,dashboardNavMenu
FN:31,(anonymous_3)
FN:38,(anonymous_4)
FN:45,(anonymous_5)
FN:55,(anonymous_6)
FN:74,(anonymous_7)
FN:88,(anonymous_8)
FN:92,(anonymous_9)
FN:97,(anonymous_10)
FN:100,(anonymous_11)
FNF:11
FNH:0
FNDA:0,(anonymous_1)
FNDA:0,dashboardNavMenu
FNDA:0,(anonymous_3)
FNDA:0,(anonymous_4)
FNDA:0,(anonymous_5)
FNDA:0,(anonymous_6)
FNDA:0,(anonymous_7)
FNDA:0,(anonymous_8)
FNDA:0,(anonymous_9)
FNDA:0,(anonymous_10)
FNDA:0,(anonymous_11)
DA:1,0
DA:4,0
DA:9,1
DA:10,0
DA:32,0
DA:33,0
DA:35,0
DA:36,0
DA:37,0
DA:38,0
DA:45,0
DA:55,0
DA:56,0
DA:57,0
DA:58,0
DA:59,0
DA:64,0
DA:74,0
DA:78,0
DA:79,0
DA:88,0
DA:89,0
DA:90,0
DA:93,0
DA:94,0
DA:101,0
LF:26
LH:1
BRDA:37,1,0,0
BRDA:37,1,1,0
BRF:2
BRH:0
end_of_record
TN:
SF:/home/alexander/Documents/www/revsw-portal/code/dev/js/portal/dashboard/controller/dashdoard.controller.js
FN:1,(anonymous_1)
FN:8,DashdoardController
FN:18,onResize
FN:22,(anonymous_4)
FN:36,(anonymous_5)
FN:55,initDashboard
FN:60,(anonymous_7)
FN:67,(anonymous_8)
FN:70,(anonymous_9)
FN:77,(anonymous_10)
FN:80,(anonymous_11)
FN:86,(anonymous_12)
FN:90,(anonymous_13)
FN:95,(anonymous_14)
FN:102,(anonymous_15)
FN:109,(anonymous_16)
FN:112,(anonymous_17)
FN:114,(anonymous_18)
FN:129,(anonymous_19)
FN:136,(anonymous_20)
FN:147,(anonymous_21)
FN:162,(anonymous_22)
FN:177,getCountDashboardWidget
FN:179,(anonymous_24)
FN:180,(anonymous_25)
FN:198,(anonymous_26)
FN:202,(anonymous_27)
FN:209,(anonymous_28)
FN:222,(anonymous_29)
FN:232,(anonymous_30)
FN:236,(anonymous_31)
FN:241,(anonymous_32)
FNF:32
FNH:0
FNDA:0,(anonymous_1)
FNDA:0,DashdoardController
FNDA:0,onResize
FNDA:0,(anonymous_4)
FNDA:0,(anonymous_5)
FNDA:0,initDashboard
FNDA:0,(anonymous_7)
FNDA:0,(anonymous_8)
FNDA:0,(anonymous_9)
FNDA:0,(anonymous_10)
FNDA:0,(anonymous_11)
FNDA:0,(anonymous_12)
FNDA:0,(anonymous_13)
FNDA:0,(anonymous_14)
FNDA:0,(anonymous_15)
FNDA:0,(anonymous_16)
FNDA:0,(anonymous_17)
FNDA:0,(anonymous_18)
FNDA:0,(anonymous_19)
FNDA:0,(anonymous_20)
FNDA:0,(anonymous_21)
FNDA:0,(anonymous_22)
FNDA:0,getCountDashboardWidget
FNDA:0,(anonymous_24)
FNDA:0,(anonymous_25)
FNDA:0,(anonymous_26)
FNDA:0,(anonymous_27)
FNDA:0,(anonymous_28)
FNDA:0,(anonymous_29)
FNDA:0,(anonymous_30)
FNDA:0,(anonymous_31)
FNDA:0,(anonymous_32)
DA:1,0
DA:4,0
DA:8,1
DA:10,0
DA:11,0
DA:15,0
DA:16,0
DA:18,1
DA:19,0
DA:20,0
DA:22,0
DA:23,0
DA:24,0
DA:25,0
DA:31,0
DA:32,0
DA:33,0
DA:35,0
DA:37,0
DA:39,0
DA:40,0
DA:55,1
DA:56,0
DA:57,0
DA:58,0
DA:61,0
DA:62,0
DA:63,0
DA:64,0
DA:65,0
DA:68,0
DA:71,0
DA:77,0
DA:78,0
DA:81,0
DA:82,0
DA:86,0
DA:87,0
DA:90,0
DA:91,0
DA:94,0
DA:96,0
DA:97,0
DA:99,0
DA:103,0
DA:104,0
DA:108,0
DA:110,0
DA:113,0
DA:114,0
DA:115,0
DA:118,0
DA:122,0
DA:129,0
DA:130,0
DA:131,0
DA:134,0
DA:135,0
DA:137,0
DA:138,0
DA:147,0
DA:148,0
DA:149,0
DA:151,0
DA:152,0
DA:154,0
DA:162,0
DA:163,0
DA:164,0
DA:166,0
DA:167,0
DA:177,0
DA:178,0
DA:179,0
DA:180,0
DA:181,0
DA:182,0
DA:186,0
DA:189,0
DA:190,0
DA:191,0
DA:194,0
DA:195,0
DA:196,0
DA:198,0
DA:199,0
DA:202,0
DA:203,0
DA:204,0
DA:209,0
DA:210,0
DA:211,0
DA:212,0
DA:222,0
DA:223,0
DA:224,0
DA:232,0
DA:233,0
DA:236,0
DA:237,0
DA:239,0
DA:241,0
DA:242,0
LF:103
LH:3
BRDA:19,1,0,0
BRDA:19,1,1,0
BRDA:31,2,0,0
BRDA:31,2,1,0
BRDA:39,3,0,0
BRDA:39,3,1,0
BRDA:81,4,0,0
BRDA:81,4,1,0
BRDA:96,5,0,0
BRDA:96,5,1,0
BRDA:103,6,0,0
BRDA:103,6,1,0
BRDA:103,7,0,0
BRDA:103,7,1,0
BRDA:103,7,2,0
BRDA:110,8,0,0
BRDA:110,8,1,0
BRDA:110,9,0,0
BRDA:110,9,1,0
BRDA:110,9,2,0
BRDA:113,10,0,0
BRDA:113,10,1,0
BRDA:113,11,0,0
BRDA:113,11,1,0
BRDA:130,12,0,0
BRDA:130,12,1,0
BRDA:134,13,0,0
BRDA:134,13,1,0
BRDA:134,14,0,0
BRDA:134,14,1,0
BRDA:134,14,2,0
BRDA:148,15,0,0
BRDA:148,15,1,0
BRDA:151,16,0,0
BRDA:151,16,1,0
BRDA:151,17,0,0
BRDA:151,17,1,0
BRDA:163,18,0,0
BRDA:163,18,1,0
BRDA:166,19,0,0
BRDA:166,19,1,0
BRDA:181,20,0,0
BRDA:181,20,1,0
BRDA:181,21,0,0
BRDA:181,21,1,0
BRDA:190,22,0,0
BRDA:190,22,1,0
BRDA:194,23,0,0
BRDA:194,23,1,0
BRDA:195,24,0,0
BRDA:195,24,1,0
BRDA:196,25,0,0
BRDA:196,25,1,0
BRDA:196,26,0,0
BRDA:196,26,1,0
BRDA:196,26,2,0
BRDA:224,27,0,0
BRDA:224,27,1,0
BRDA:224,27,2,0
BRDA:224,27,3,0
BRDA:224,27,4,0
BRDA:224,27,5,0
BRDA:224,27,6,0
BRF:63
BRH:0
end_of_record
TN:
SF:/home/alexander/Documents/www/revsw-portal/code/dev/js/portal/dashboard/filters/dashboard.filters.js
FN:1,(anonymous_1)
FN:107,orderWidgets
FN:110,(anonymous_3)
FN:130,(anonymous_4)
FNF:4
FNH:0
FNDA:0,(anonymous_1)
FNDA:0,orderWidgets
FNDA:0,(anonymous_3)
FNDA:0,(anonymous_4)
DA:1,0
DA:3,0
DA:6,0
DA:33,0
DA:107,1
DA:108,0
DA:109,0
DA:110,0
DA:111,0
DA:112,0
DA:114,0
DA:115,0
DA:116,0
DA:117,0
DA:119,0
DA:121,0
DA:124,0
DA:125,0
DA:127,0
DA:130,0
DA:131,0
DA:132,0
DA:134,0
DA:140,0
LF:24
LH:1
BRDA:111,1,0,0
BRDA:111,1,1,0
BRDA:111,2,0,0
BRDA:111,2,1,0
BRDA:116,3,0,0
BRDA:116,3,1,0
BRDA:124,4,0,0
BRDA:124,4,1,0
BRF:8
BRH:0
end_of_record
TN:
SF:/home/alexander/Documents/www/revsw-portal/code/dev/js/portal/dashboard/services/dashboard.service.js
FN:1,(anonymous_1)
FN:7,(anonymous_2)
FN:11,DashboardSrv
FN:21,getAll
FN:24,(anonymous_5)
FN:27,(anonymous_6)
FN:32,(anonymous_7)
FN:45,updateDashboardsListItem
FN:63,(anonymous_9)
FN:66,(anonymous_10)
FN:71,(anonymous_11)
FN:83,(anonymous_12)
FN:104,(anonymous_13)
FN:110,(anonymous_14)
FN:121,(anonymous_15)
FN:124,(anonymous_16)
FN:129,(anonymous_17)
FN:140,(anonymous_18)
FN:143,(anonymous_19)
FN:148,(anonymous_20)
FNF:20
FNH:0
FNDA:0,(anonymous_1)
FNDA:0,(anonymous_2)
FNDA:0,DashboardSrv
FNDA:0,getAll
FNDA:0,(anonymous_5)
FNDA:0,(anonymous_6)
FNDA:0,(anonymous_7)
FNDA:0,updateDashboardsListItem
FNDA:0,(anonymous_9)
FNDA:0,(anonymous_10)
FNDA:0,(anonymous_11)
FNDA:0,(anonymous_12)
FNDA:0,(anonymous_13)
FNDA:0,(anonymous_14)
FNDA:0,(anonymous_15)
FNDA:0,(anonymous_16)
FNDA:0,(anonymous_17)
FNDA:0,(anonymous_18)
FNDA:0,(anonymous_19)
FNDA:0,(anonymous_20)
DA:1,0
DA:4,0
DA:11,1
DA:12,0
DA:13,0
DA:14,0
DA:15,0
DA:21,1
DA:22,0
DA:23,0
DA:25,0
DA:26,0
DA:27,0
DA:28,0
DA:30,0
DA:33,0
DA:36,0
DA:45,1
DA:46,0
DA:49,0
DA:50,0
DA:54,0
DA:64,0
DA:65,0
DA:68,0
DA:69,0
DA:72,0
DA:74,0
DA:84,0
DA:85,0
DA:99,0
DA:100,0
DA:102,0
DA:103,0
DA:105,0
DA:106,0
DA:107,0
DA:108,0
DA:111,0
DA:113,0
DA:122,0
DA:123,0
DA:125,0
DA:126,0
DA:127,0
DA:130,0
DA:132,0
DA:141,0
DA:142,0
DA:144,0
DA:145,0
DA:146,0
DA:149,0
DA:151,0
LF:54
LH:3
BRDA:49,1,0,0
BRDA:49,1,1,0
BRDA:99,2,0,0
BRDA:99,2,1,0
BRF:4
BRH:0
end_of_record
TN:
SF:/home/alexander/Documents/www/revsw-portal/code/dev/js/portal/config/activity/activityPhrase.constants.js
FN:1,(anonymous_1)
FNF:1
FNH:0
FNDA:0,(anonymous_1)
DA:1,0
DA:4,0
LF:2
LH:0
BRF:0
BRH:0
end_of_record
TN:
SF:/home/alexander/Documents/www/revsw-portal/code/dev/js/portal/dns_analytics/controllers/DNSAnalytics.controller.js
FN:1,(anonymous_1)
FN:9,DNSAnalyticsController
FN:37,(anonymous_3)
FN:67,(anonymous_4)
FN:95,(anonymous_5)
FN:103,(anonymous_6)
FN:114,(anonymous_7)
FN:145,(anonymous_8)
FN:169,setNewData
FN:177,(anonymous_10)
FNF:10
FNH:0
FNDA:0,(anonymous_1)
FNDA:0,DNSAnalyticsController
FNDA:0,(anonymous_3)
FNDA:0,(anonymous_4)
FNDA:0,(anonymous_5)
FNDA:0,(anonymous_6)
FNDA:0,(anonymous_7)
FNDA:0,(anonymous_8)
FNDA:0,setNewData
FNDA:0,(anonymous_10)
DA:1,0
DA:4,0
DA:9,1
DA:22,0
DA:23,0
DA:24,0
DA:25,0
DA:26,0
DA:27,0
DA:29,0
DA:30,0
DA:33,0
DA:38,0
DA:39,0
DA:40,0
DA:42,0
DA:43,0
DA:44,0
DA:68,0
DA:94,0
DA:96,0
DA:103,0
DA:104,0
DA:105,0
DA:107,0
DA:114,0
DA:115,0
DA:116,0
DA:118,0
DA:120,0
DA:126,0
DA:127,0
DA:128,0
DA:134,0
DA:135,0
DA:136,0
DA:141,0
DA:146,0
DA:147,0
DA:148,0
DA:149,0
DA:151,0
DA:152,0
DA:154,0
DA:155,0
DA:157,0
DA:158,0
DA:159,0
DA:160,0
DA:161,0
DA:162,0
DA:163,0
DA:165,0
DA:167,0
DA:171,0
DA:178,0
LF:56
LH:1
BRDA:38,1,0,0
BRDA:38,1,1,0
BRDA:104,2,0,0
BRDA:104,2,1,0
BRDA:104,3,0,0
BRDA:104,3,1,0
BRDA:115,4,0,0
BRDA:115,4,1,0
BRDA:115,5,0,0
BRDA:115,5,1,0
BRDA:135,6,0,0
BRDA:135,6,1,0
BRDA:148,7,0,0
BRDA:148,7,1,0
BRDA:151,8,0,0
BRDA:151,8,1,0
BRDA:154,9,0,0
BRDA:154,9,1,0
BRDA:157,10,0,0
BRDA:157,10,1,0
BRDA:161,11,0,0
BRDA:161,11,1,0
BRDA:161,12,0,0
BRDA:161,12,1,0
BRF:24
BRH:0
end_of_record
TN:
SF:/home/alexander/Documents/www/revsw-portal/code/dev/js/portal/dns_zone_records/dns-zone-record-answer/dnsZoneRecordAnswer.directive.js
FN:1,(anonymous_1)
FN:6,(anonymous_2)
FN:16,dnsZoneRecordAnswer
FN:27,dnsZoneRecordAnswerController
FN:34,(anonymous_5)
FN:36,(anonymous_6)
FNF:6
FNH:0
FNDA:0,(anonymous_1)
FNDA:0,(anonymous_2)
FNDA:0,dnsZoneRecordAnswer
FNDA:0,dnsZoneRecordAnswerController
FNDA:0,(anonymous_5)
FNDA:0,(anonymous_6)
DA:1,0
DA:4,0
DA:7,0
DA:8,0
DA:16,1
DA:17,0
DA:28,0
DA:29,0
DA:30,0
DA:31,0
DA:34,0
DA:35,0
DA:37,0
LF:13
LH:1
BRDA:30,1,0,0
BRDA:30,1,1,0
BRF:2
BRH:0
end_of_record
TN:
SF:/home/alexander/Documents/www/revsw-portal/code/dev/js/portal/dns_zones/controller/dns_zoneCheckIntegrationPage.controller.js
FN:1,(anonymous_1)
FN:9,DNSZoneCheckIntegrationPageController
FN:32,(anonymous_3)
FN:34,(anonymous_4)
FN:39,(anonymous_5)
FNF:5
FNH:0
FNDA:0,(anonymous_1)
FNDA:0,DNSZoneCheckIntegrationPageController
FNDA:0,(anonymous_3)
FNDA:0,(anonymous_4)
FNDA:0,(anonymous_5)
DA:1,0
DA:4,0
DA:9,1
DA:23,0
DA:28,0
DA:30,0
DA:32,0
DA:33,0
DA:35,0
DA:39,0
DA:41,0
LF:11
LH:1
BRF:0
BRH:0
end_of_record
TN:
SF:/home/alexander/Documents/www/revsw-portal/code/dev/js/portal/dns_zones/controller/dns_zonesCrud.controller.js
FN:1,(anonymous_1)
FN:9,DNSZonesCrudController
FN:42,setAccountName
FN:45,(anonymous_4)
FN:46,(anonymous_5)
FN:61,(anonymous_6)
FN:76,(anonymous_7)
FN:78,(anonymous_8)
FN:100,(anonymous_9)
FN:102,(anonymous_10)
FN:107,(anonymous_11)
FN:118,(anonymous_12)
FN:137,(anonymous_13)
FN:140,(anonymous_14)
FN:157,(anonymous_15)
FN:159,(anonymous_16)
FN:170,(anonymous_17)
FN:175,(anonymous_18)
FN:179,(anonymous_19)
FN:196,(anonymous_20)
FN:200,(anonymous_21)
FN:213,(anonymous_22)
FN:222,(anonymous_23)
FN:233,(anonymous_24)
FN:245,(anonymous_25)
FN:252,(anonymous_26)
FNF:26
FNH:0
FNDA:0,(anonymous_1)
FNDA:0,DNSZonesCrudController
FNDA:0,setAccountName
FNDA:0,(anonymous_4)
FNDA:0,(anonymous_5)
FNDA:0,(anonymous_6)
FNDA:0,(anonymous_7)
FNDA:0,(anonymous_8)
FNDA:0,(anonymous_9)
FNDA:0,(anonymous_10)
FNDA:0,(anonymous_11)
FNDA:0,(anonymous_12)
FNDA:0,(anonymous_13)
FNDA:0,(anonymous_14)
FNDA:0,(anonymous_15)
FNDA:0,(anonymous_16)
FNDA:0,(anonymous_17)
FNDA:0,(anonymous_18)
FNDA:0,(anonymous_19)
FNDA:0,(anonymous_20)
FNDA:0,(anonymous_21)
FNDA:0,(anonymous_22)
FNDA:0,(anonymous_23)
FNDA:0,(anonymous_24)
FNDA:0,(anonymous_25)
FNDA:0,(anonymous_26)
DA:1,0
DA:4,0
DA:9,1
DA:23,0
DA:29,0
DA:31,0
DA:33,0
DA:34,0
DA:35,0
DA:42,1
DA:43,0
DA:45,0
DA:46,0
DA:47,0
DA:50,0
DA:51,0
DA:56,0
DA:61,0
DA:62,0
DA:64,0
DA:65,0
DA:66,0
DA:69,0
DA:73,0
DA:74,0
DA:77,0
DA:78,0
DA:79,0
DA:80,0
DA:85,0
DA:86,0
DA:89,0
DA:90,0
DA:97,0
DA:98,0
DA:100,0
DA:101,0
DA:102,0
DA:103,0
DA:107,0
DA:108,0
DA:118,0
DA:119,0
DA:120,0
DA:121,0
DA:123,0
DA:125,0
DA:126,0
DA:127,0
DA:128,0
DA:129,0
DA:130,0
DA:131,0
DA:132,0
DA:133,0
DA:134,0
DA:137,0
DA:138,0
DA:140,0
DA:141,0
DA:142,0
DA:143,0
DA:146,0
DA:147,0
DA:148,0
DA:149,0
DA:151,0
DA:155,0
DA:157,0
DA:158,0
DA:160,0
DA:170,0
DA:172,0
DA:173,0
DA:175,0
DA:176,0
DA:177,0
DA:180,0
DA:181,0
DA:196,0
DA:198,0
DA:201,0
DA:202,0
DA:213,0
DA:215,0
DA:216,0
DA:218,0
DA:219,0
DA:221,0
DA:222,0
DA:223,0
DA:224,0
DA:233,0
DA:234,0
DA:235,0
DA:239,0
DA:245,0
DA:246,0
DA:252,0
DA:253,0
LF:100
LH:2
BRDA:43,1,0,0
BRDA:43,1,1,0
BRDA:43,2,0,0
BRDA:43,2,1,0
BRDA:50,3,0,0
BRDA:50,3,1,0
BRDA:64,4,0,0
BRDA:64,4,1,0
BRDA:67,5,0,0
BRDA:67,5,1,0
BRDA:73,6,0,0
BRDA:73,6,1,0
BRDA:73,7,0,0
BRDA:73,7,1,0
BRDA:77,8,0,0
BRDA:77,8,1,0
BRDA:85,9,0,0
BRDA:85,9,1,0
BRDA:85,10,0,0
BRDA:85,10,1,0
BRDA:120,11,0,0
BRDA:120,11,1,0
BRDA:138,12,0,0
BRDA:138,12,1,0
BRDA:138,13,0,0
BRDA:138,13,1,0
BRDA:142,14,0,0
BRDA:142,14,1,0
BRDA:146,15,0,0
BRDA:146,15,1,0
BRDA:148,16,0,0
BRDA:148,16,1,0
BRDA:172,17,0,0
BRDA:172,17,1,0
BRDA:215,18,0,0
BRDA:215,18,1,0
BRDA:218,19,0,0
BRDA:218,19,1,0
BRDA:234,20,0,0
BRDA:234,20,1,0
BRDA:235,21,0,0
BRDA:235,21,1,0
BRDA:235,21,2,0
BRDA:235,21,3,0
BRDA:239,22,0,0
BRDA:239,22,1,0
BRDA:239,22,2,0
BRDA:239,22,3,0
BRF:48
BRH:0
end_of_record
TN:
SF:/home/alexander/Documents/www/revsw-portal/code/dev/js/portal/dns_zones/dns-zone-check-integration/dnsZoneCheckIntegration.directive.js
FN:1,(anonymous_1)
FN:12,(anonymous_2)
FN:21,dnsZoneCheckIntegration
FN:32,dnsZoneCheckIntegrationController
FN:41,(anonymous_5)
FN:57,(anonymous_6)
FN:76,(anonymous_7)
FN:78,(anonymous_8)
FN:85,(anonymous_9)
FN:92,(anonymous_10)
FNF:10
FNH:0
FNDA:0,(anonymous_1)
FNDA:0,(anonymous_2)
FNDA:0,dnsZoneCheckIntegration
FNDA:0,dnsZoneCheckIntegrationController
FNDA:0,(anonymous_5)
FNDA:0,(anonymous_6)
FNDA:0,(anonymous_7)
FNDA:0,(anonymous_8)
FNDA:0,(anonymous_9)
FNDA:0,(anonymous_10)
DA:1,0
DA:4,0
DA:13,0
DA:14,0
DA:21,1
DA:22,0
DA:33,0
DA:34,0
DA:35,0
DA:36,0
DA:41,0
DA:42,0
DA:43,0
DA:45,0
DA:46,0
DA:48,0
DA:49,0
DA:51,0
DA:52,0
DA:54,0
DA:57,0
DA:58,0
DA:59,0
DA:61,0
DA:62,0
DA:64,0
DA:65,0
DA:67,0
DA:68,0
DA:70,0
DA:71,0
DA:73,0
DA:76,0
DA:77,0
DA:79,0
DA:80,0
DA:85,0
DA:86,0
DA:92,0
DA:93,0
DA:94,0
DA:95,0
DA:97,0
DA:98,0
DA:100,0
DA:101,0
DA:103,0
DA:104,0
LF:48
LH:1
BRDA:43,1,0,0
BRDA:43,1,1,0
BRDA:43,1,2,0
BRDA:59,2,0,0
BRDA:59,2,1,0
BRDA:59,2,2,0
BRDA:59,2,3,0
BRDA:79,3,0,0
BRDA:79,3,1,0
BRDA:93,4,0,0
BRDA:93,4,1,0
BRDA:95,5,0,0
BRDA:95,5,1,0
BRDA:95,5,2,0
BRF:14
BRH:0
end_of_record
TN:
SF:/home/alexander/Documents/www/revsw-portal/code/dev/js/portal/dns_zones/dns-zone-check-integration/dnsZoneCheckIntegrationPanel.directive.js
FN:1,(anonymous_1)
FN:7,(anonymous_2)
FN:16,dnsZoneCheckIntegrationPanel
FN:30,dnsZoneCheckIntegrationPanelController
FN:35,(anonymous_5)
FN:41,(anonymous_6)
FN:43,(anonymous_7)
FN:50,(anonymous_8)
FN:58,(anonymous_9)
FNF:9
FNH:0
FNDA:0,(anonymous_1)
FNDA:0,(anonymous_2)
FNDA:0,dnsZoneCheckIntegrationPanel
FNDA:0,dnsZoneCheckIntegrationPanelController
FNDA:0,(anonymous_5)
FNDA:0,(anonymous_6)
FNDA:0,(anonymous_7)
FNDA:0,(anonymous_8)
FNDA:0,(anonymous_9)
DA:1,0
DA:4,0
DA:8,0
DA:9,0
DA:16,1
DA:17,0
DA:31,0
DA:32,0
DA:33,0
DA:34,0
DA:35,0
DA:36,0
DA:37,0
DA:38,0
DA:39,0
DA:40,0
DA:42,0
DA:44,0
DA:51,0
DA:56,0
DA:58,0
DA:59,0
DA:60,0
DA:62,0
DA:63,0
DA:65,0
DA:66,0
DA:68,0
DA:69,0
DA:71,0
DA:72,0
DA:74,0
LF:32
LH:1
BRDA:37,1,0,0
BRDA:37,1,1,0
BRDA:60,2,0,0
BRDA:60,2,1,0
BRDA:60,2,2,0
BRDA:60,2,3,0
BRF:6
BRH:0
end_of_record
TN:
SF:/home/alexander/Documents/www/revsw-portal/code/dev/js/portal/dns_zones/dns-zone-select/dnsZoneSelect.directive.js
FN:1,(anonymous_1)
FN:9,dnsZoneSelectDirective
FN:20,(anonymous_3)
FN:28,(anonymous_4)
FN:36,(anonymous_5)
FN:46,(anonymous_6)
FN:55,(anonymous_7)
FN:59,(anonymous_8)
FNF:8
FNH:0
FNDA:0,(anonymous_1)
FNDA:0,dnsZoneSelectDirective
FNDA:0,(anonymous_3)
FNDA:0,(anonymous_4)
FNDA:0,(anonymous_5)
FNDA:0,(anonymous_6)
FNDA:0,(anonymous_7)
FNDA:0,(anonymous_8)
DA:1,0
DA:4,0
DA:9,1
DA:11,0
DA:21,0
DA:22,0
DA:23,0
DA:26,0
DA:28,0
DA:29,0
DA:30,0
DA:35,0
DA:37,0
DA:39,0
DA:41,0
DA:42,0
DA:43,0
DA:45,0
DA:46,0
DA:47,0
DA:49,0
DA:50,0
DA:56,0
DA:59,0
DA:60,0
[...]
FNF:6
FNH:0
FNDA:0,(anonymous_1)
FNDA:0,widgetsAppsAnalyticsEditConfigController
FNDA:0,(anonymous_3)
FNDA:0,(anonymous_4)
FNDA:0,(anonymous_5)
FNDA:0,(anonymous_6)
DA:1,0
DA:2,0
DA:5,1
DA:6,0
DA:8,0
DA:23,0
DA:24,0
DA:25,0
DA:26,0
DA:27,0
DA:29,0
DA:30,0
DA:31,0
DA:32,0
DA:34,0
DA:35,0
DA:36,0
DA:37,0
DA:41,0
DA:48,0
DA:49,0
DA:50,0
DA:52,0
DA:60,0
DA:61,0
DA:67,0
DA:75,0
DA:76,0
DA:77,0
DA:78,0
DA:79,0
DA:85,0
LF:32
LH:1
BRDA:31,1,0,0
BRDA:31,1,1,0
BRDA:35,2,0,0
BRDA:35,2,1,0
BRDA:35,3,0,0
BRDA:35,3,1,0
BRDA:36,4,0,0
BRDA:36,4,1,0
BRDA:42,5,0,0
BRDA:42,5,1,0
BRDA:49,6,0,0
BRDA:49,6,1,0
BRDA:49,7,0,0
BRDA:49,7,1,0
BRDA:64,8,0,0
BRDA:64,8,1,0
BRDA:64,8,2,0
BRDA:69,9,0,0
BRDA:69,9,1,0
BRDA:69,9,2,0
BRDA:75,10,0,0
BRDA:75,10,1,0
BRF:22
BRH:0
end_of_record
TN:
SF:/home/alexander/Documents/www/revsw-portal/code/dev/js/portal/dashboard/widgets/web-analytics/widgetsWebAnalytics.module.js
FN:1,(anonymous_1)
FNF:1
FNH:0
FNDA:0,(anonymous_1)
DA:1,0
DA:7,0
LF:2
LH:0
BRF:0
BRH:0
end_of_record
TN:
SF:/home/alexander/Documents/www/revsw-portal/code/dev/js/portal/dashboard/widgets/web-analytics/widgetsWebAnalyticsEditConfig.controller.js
FN:1,(anonymous_1)
FN:5,widgetsWebAnalyticsEditConfigController
FN:26,(anonymous_3)
FN:40,(anonymous_4)
FN:54,(anonymous_5)
FN:72,(anonymous_6)
FN:92,(anonymous_7)
FN:97,(anonymous_8)
FN:101,(anonymous_9)
FN:124,(anonymous_10)
FN:130,(anonymous_11)
FN:134,(anonymous_12)
FN:151,(anonymous_13)
FN:156,(anonymous_14)
FN:160,(anonymous_15)
FN:184,(anonymous_16)
FN:190,(anonymous_17)
FN:194,(anonymous_18)
FNF:18
FNH:0
FNDA:0,(anonymous_1)
FNDA:0,widgetsWebAnalyticsEditConfigController
FNDA:0,(anonymous_3)
FNDA:0,(anonymous_4)
FNDA:0,(anonymous_5)
FNDA:0,(anonymous_6)
FNDA:0,(anonymous_7)
FNDA:0,(anonymous_8)
FNDA:0,(anonymous_9)
FNDA:0,(anonymous_10)
FNDA:0,(anonymous_11)
FNDA:0,(anonymous_12)
FNDA:0,(anonymous_13)
FNDA:0,(anonymous_14)
FNDA:0,(anonymous_15)
FNDA:0,(anonymous_16)
FNDA:0,(anonymous_17)
FNDA:0,(anonymous_18)
DA:1,0
DA:2,0
DA:5,1
DA:6,0
DA:8,0
DA:22,0
DA:24,0
DA:26,0
DA:27,0
DA:28,0
DA:29,0
DA:33,0
DA:40,0
DA:41,0
DA:42,0
DA:44,0
DA:54,0
DA:55,0
DA:58,0
DA:59,0
DA:60,0
DA:61,0
DA:62,0
DA:65,0
DA:72,0
DA:73,0
DA:81,0
DA:92,0
DA:93,0
DA:98,0
DA:99,0
DA:100,0
DA:101,0
DA:102,0
DA:103,0
DA:114,0
DA:124,0
DA:126,0
DA:131,0
DA:132,0
DA:133,0
DA:134,0
DA:135,0
DA:136,0
DA:142,0
DA:151,0
DA:152,0
DA:157,0
DA:158,0
DA:159,0
DA:160,0
DA:161,0
DA:162,0
DA:164,0
DA:174,0
DA:184,0
DA:186,0
DA:191,0
DA:192,0
DA:193,0
DA:194,0
DA:195,0
DA:196,0
DA:204,0
LF:64
LH:1
BRDA:27,1,0,0
BRDA:27,1,1,0
BRDA:27,2,0,0
BRDA:27,2,1,0
BRDA:28,3,0,0
BRDA:28,3,1,0
BRDA:34,4,0,0
BRDA:34,4,1,0
BRDA:41,5,0,0
BRDA:41,5,1,0
BRDA:41,6,0,0
BRDA:41,6,1,0
BRDA:100,7,0,0
BRDA:100,7,1,0
BRDA:100,8,0,0
BRDA:100,8,1,0
BRDA:133,9,0,0
BRDA:133,9,1,0
BRDA:133,10,0,0
BRDA:133,10,1,0
BRDA:159,11,0,0
BRDA:159,11,1,0
BRDA:159,12,0,0
BRDA:159,12,1,0
BRDA:193,13,0,0
BRDA:193,13,1,0
BRDA:193,14,0,0
BRDA:193,14,1,0
BRF:28
BRH:0
end_of_record
TN:
SF:/home/alexander/Documents/www/revsw-portal/code/dev/js/portal/reports/imageengine-analytics/directives/imageengineLinechartBytesSaved.directive.js
FN:1,(anonymous_1)
FN:8,imageengineLinechartBytesSavedDirective
FN:30,imageengineLinechartBytesSavedCtrl
FN:40,generateFilterParams
FN:45,(anonymous_5)
FN:87,(anonymous_6)
FN:124,(anonymous_7)
FN:142,defaultPointFormatter
FN:146,(anonymous_9)
FN:159,reload
FN:187,getData
FN:195,(anonymous_12)
FN:224,setNewData
FN:232,(anonymous_14)
FN:240,(anonymous_15)
FN:250,addEventsData
FN:260,(anonymous_17)
FNF:17
FNH:0
FNDA:0,(anonymous_1)
FNDA:0,imageengineLinechartBytesSavedDirective
FNDA:0,imageengineLinechartBytesSavedCtrl
FNDA:0,generateFilterParams
FNDA:0,(anonymous_5)
FNDA:0,(anonymous_6)
FNDA:0,(anonymous_7)
FNDA:0,defaultPointFormatter
FNDA:0,(anonymous_9)
FNDA:0,reload
FNDA:0,getData
FNDA:0,(anonymous_12)
FNDA:0,setNewData
FNDA:0,(anonymous_14)
FNDA:0,(anonymous_15)
FNDA:0,addEventsData
FNDA:0,(anonymous_17)
DA:1,0
DA:4,0
DA:8,1
DA:9,0
DA:10,0
DA:26,0
DA:30,1
DA:32,0
DA:40,1
DA:41,0
DA:45,0
DA:46,0
DA:47,0
DA:48,0
DA:51,0
DA:52,0
DA:53,0
DA:54,0
DA:58,0
DA:60,0
DA:61,0
DA:62,0
DA:64,0
DA:69,0
DA:70,0
DA:74,0
DA:83,0
DA:88,0
DA:89,0
DA:90,0
DA:92,0
DA:97,0
DA:98,0
DA:100,0
DA:101,0
DA:125,0
DA:142,1
DA:143,0
DA:146,0
DA:147,0
DA:148,0
DA:150,0
DA:159,1
DA:160,0
DA:161,0
DA:170,0
DA:172,0
DA:173,0
DA:174,0
DA:175,0
DA:176,0
DA:183,0
DA:188,0
DA:189,0
DA:190,0
DA:191,0
DA:193,0
DA:195,0
DA:197,0
DA:198,0
DA:199,0
DA:200,0
DA:201,0
DA:202,0
DA:203,0
DA:204,0
DA:206,0
DA:209,0
DA:210,0
DA:211,0
DA:212,0
DA:214,0
DA:216,0
DA:226,0
DA:233,0
DA:238,0
DA:241,0
DA:250,1
DA:251,0
DA:252,0
DA:259,0
DA:262,0
LF:82
LH:6
BRDA:46,1,0,0
BRDA:46,1,1,0
BRDA:47,2,0,0
BRDA:47,2,1,0
BRDA:47,3,0,0
BRDA:47,3,1,0
BRDA:51,4,0,0
BRDA:51,4,1,0
BRDA:69,5,0,0
BRDA:69,5,1,0
BRDA:88,6,0,0
BRDA:88,6,1,0
BRDA:97,7,0,0
BRDA:97,7,1,0
BRDA:109,8,0,0
BRDA:109,8,1,0
BRDA:147,9,0,0
BRDA:147,9,1,0
BRDA:147,10,0,0
BRDA:147,10,1,0
BRDA:160,11,0,0
BRDA:160,11,1,0
BRDA:160,12,0,0
BRDA:160,12,1,0
BRDA:189,13,0,0
BRDA:189,13,1,0
BRDA:189,14,0,0
BRDA:189,14,1,0
BRDA:193,15,0,0
BRDA:193,15,1,0
BRDA:203,16,0,0
BRDA:203,16,1,0
BRDA:210,17,0,0
BRDA:210,17,1,0
BRF:34
BRH:0
end_of_record
TN:
SF:/home/alexander/Documents/www/revsw-portal/code/dev/js/portal/reports/imageengine-analytics/directives/imageengineSolidgaugePerformanceImprovement.directive.js
FN:1,(anonymous_1)
FN:8,imageengineSolidgaugePerformanceImprovementDirective
FN:30,imageengineSolidgaugePerformanceImprovementCtrl
FN:41,generateFilterParams
FN:46,(anonymous_5)
FN:105,(anonymous_6)
FN:118,reload
FN:128,(anonymous_8)
FN:139,(anonymous_9)
FN:144,(anonymous_10)
FN:145,(anonymous_11)
FN:160,(anonymous_12)
FNF:12
FNH:0
FNDA:0,(anonymous_1)
FNDA:0,imageengineSolidgaugePerformanceImprovementDirective
FNDA:0,imageengineSolidgaugePerformanceImprovementCtrl
FNDA:0,generateFilterParams
FNDA:0,(anonymous_5)
FNDA:0,(anonymous_6)
FNDA:0,reload
FNDA:0,(anonymous_8)
FNDA:0,(anonymous_9)
FNDA:0,(anonymous_10)
FNDA:0,(anonymous_11)
FNDA:0,(anonymous_12)
DA:1,0
DA:4,0
DA:8,1
DA:9,0
DA:10,0
DA:26,0
DA:30,1
DA:32,0
DA:41,1
DA:42,0
DA:46,0
DA:47,0
DA:48,0
DA:49,0
DA:52,0
DA:53,0
DA:54,0
DA:55,0
DA:59,0
DA:63,0
DA:64,0
DA:65,0
DA:66,0
DA:68,0
DA:73,0
DA:74,0
DA:78,0
DA:81,0
DA:83,0
DA:105,0
DA:106,0
DA:107,0
DA:109,0
DA:118,1
DA:119,0
DA:120,0
DA:121,0
DA:124,0
DA:125,0
DA:129,0
DA:139,0
DA:140,0
DA:141,0
DA:142,0
DA:145,0
DA:146,0
DA:147,0
DA:150,0
DA:151,0
DA:153,0
DA:154,0
DA:156,0
DA:161,0
LF:53
LH:4
BRDA:47,1,0,0
BRDA:47,1,1,0
BRDA:48,2,0,0
BRDA:48,2,1,0
BRDA:48,3,0,0
BRDA:48,3,1,0
BRDA:52,4,0,0
BRDA:52,4,1,0
BRDA:73,5,0,0
BRDA:73,5,1,0
BRDA:96,6,0,0
BRDA:96,6,1,0
BRDA:96,6,2,0
BRDA:106,7,0,0
BRDA:106,7,1,0
BRDA:106,8,0,0
BRDA:106,8,1,0
BRDA:119,9,0,0
BRDA:119,9,1,0
BRDA:119,10,0,0
BRDA:119,10,1,0
BRDA:151,11,0,0
BRDA:151,11,1,0
BRDA:154,12,0,0
BRDA:154,12,1,0
BRF:25
BRH:0
end_of_record
TN:
SF:/home/alexander/Documents/www/revsw-portal/code/dev/js/portal/dashboard/widgets/apps-analytics/mobile-bw-chart/widgetMobileBWChart.config.js
FN:1,(anonymous_1)
FN:8,configWidgetAppsMobileBWChat
FN:31,widgeAppsMobileBWController
FNF:3
FNH:0
FNDA:0,(anonymous_1)
FNDA:0,configWidgetAppsMobileBWChat
FNDA:0,widgeAppsMobileBWController
DA:1,0
DA:4,0
DA:8,1
DA:9,0
DA:10,0
DA:31,1
DA:32,0
DA:33,0
LF:8
LH:2
BRF:0
BRH:0
end_of_record
TN:
SF:/home/alexander/Documents/www/revsw-portal/code/dev/js/portal/dashboard/widgets/apps-analytics/mobile-http-codes-chart/widgetMobileHTTPCodesChart.config.js
FN:1,(anonymous_1)
FN:8,configWidgetAppsMobileBWChat
FN:31,widgeAppsMobileHTTPCodesController
FNF:3
FNH:0
FNDA:0,(anonymous_1)
FNDA:0,configWidgetAppsMobileBWChat
FNDA:0,widgeAppsMobileHTTPCodesController
DA:1,0
DA:4,0
DA:8,1
DA:9,0
DA:10,0
DA:31,1
DA:32,0
DA:33,0
LF:8
LH:2
BRF:0
BRH:0
end_of_record
TN:
SF:/home/alexander/Documents/www/revsw-portal/code/dev/js/portal/dashboard/widgets/apps-analytics/mobile-rps-chart/widgetMobileRPSChart.config.js
FN:1,(anonymous_1)
FN:8,configWidgetAppsMobileRPSChat
FN:31,widgeAppsMobileRPSController
FNF:3
FNH:0
FNDA:0,(anonymous_1)
FNDA:0,configWidgetAppsMobileRPSChat
FNDA:0,widgeAppsMobileRPSController
DA:1,0
DA:4,0
DA:8,1
DA:9,0
DA:10,0
DA:31,1
DA:32,0
DA:33,0
LF:8
LH:2
BRF:0
BRH:0
end_of_record
TN:
SF:/home/alexander/Documents/www/revsw-portal/code/dev/js/portal/dashboard/widgets/apps-analytics/mobile-tops/widgetMobileTops.config.js
FN:1,(anonymous_1)
FN:7,configWidgetAppsTopReports
FNF:2
FNH:0
FNDA:0,(anonymous_1)
FNDA:0,configWidgetAppsTopReports
DA:1,0
DA:4,0
DA:7,1
DA:8,0
DA:9,0
LF:5
LH:1
BRF:0
BRH:0
end_of_record
TN:
SF:/home/alexander/Documents/www/revsw-portal/code/dev/js/portal/dashboard/widgets/apps-analytics/mobile-tops/widgetsAppsSDKDestributionsReports.controller.js
FN:1,(anonymous_1)
FN:15,widgetsAppsSDKDestributionsReportsController
FN:23,(anonymous_3)
FN:32,(anonymous_4)
FN:41,(anonymous_5)
FN:48,generateFilterParams
FN:53,(anonymous_7)
FN:70,(anonymous_8)
FN:75,(anonymous_9)
FN:77,(anonymous_10)
FN:87,(anonymous_11)
FN:92,(anonymous_12)
FNF:12
FNH:0
FNDA:0,(anonymous_1)
FNDA:0,widgetsAppsSDKDestributionsReportsController
FNDA:0,(anonymous_3)
FNDA:0,(anonymous_4)
FNDA:0,(anonymous_5)
FNDA:0,generateFilterParams
FNDA:0,(anonymous_7)
FNDA:0,(anonymous_8)
FNDA:0,(anonymous_9)
FNDA:0,(anonymous_10)
FNDA:0,(anonymous_11)
FNDA:0,(anonymous_12)
DA:1,0
DA:4,0
DA:15,1
DA:16,0
DA:17,0
DA:18,0
DA:19,0
DA:21,0
DA:24,0
DA:30,0
DA:33,0
DA:39,0
DA:42,0
DA:48,1
DA:49,0
DA:53,0
DA:54,0
DA:55,0
DA:56,0
DA:59,0
DA:60,0
DA:61,0
DA:62,0
DA:66,0
DA:70,0
DA:71,0
DA:72,0
DA:73,0
DA:76,0
DA:77,0
DA:78,0
DA:84,0
DA:88,0
DA:92,0
DA:93,0
DA:94,0
DA:96,0
DA:97,0
DA:103,0
LF:39
LH:2
BRDA:54,1,0,0
BRDA:54,1,1,0
BRDA:55,2,0,0
BRDA:55,2,1,0
BRDA:55,3,0,0
BRDA:55,3,1,0
BRDA:59,4,0,0
BRDA:59,4,1,0
BRDA:76,5,0,0
BRDA:76,5,1,0
BRDA:76,6,0,0
BRDA:76,6,1,0
BRDA:80,7,0,0
BRDA:80,7,1,0
BRDA:93,8,0,0
BRDA:93,8,1,0
BRDA:93,9,0,0
BRDA:93,9,1,0
BRDA:96,10,0,0
BRDA:96,10,1,0
BRDA:99,11,0,0
BRDA:99,11,1,0
BRF:22
BRH:0
end_of_record
TN:
SF:/home/alexander/Documents/www/revsw-portal/code/dev/js/portal/dashboard/widgets/apps-analytics/mobile-tops/widgetsAppsSDKTopsReports.controller.js
FN:1,(anonymous_1)
FN:15,widgetsAppsSDKTopsReportsController
FN:25,(anonymous_3)
FN:34,(anonymous_4)
FN:43,(anonymous_5)
FN:50,generateFilterParams
FN:55,(anonymous_7)
FN:71,(anonymous_8)
FN:76,(anonymous_9)
FN:80,(anonymous_10)
FN:85,(anonymous_11)
FN:104,(anonymous_12)
FN:110,(anonymous_13)
FNF:13
FNH:0
FNDA:0,(anonymous_1)
FNDA:0,widgetsAppsSDKTopsReportsController
FNDA:0,(anonymous_3)
FNDA:0,(anonymous_4)
FNDA:0,(anonymous_5)
FNDA:0,generateFilterParams
FNDA:0,(anonymous_7)
FNDA:0,(anonymous_8)
FNDA:0,(anonymous_9)
FNDA:0,(anonymous_10)
FNDA:0,(anonymous_11)
FNDA:0,(anonymous_12)
FNDA:0,(anonymous_13)
DA:1,0
DA:4,0
DA:15,1
DA:16,0
DA:17,0
DA:18,0
DA:19,0
DA:20,0
DA:21,0
DA:22,0
DA:23,0
DA:26,0
DA:32,0
DA:35,0
DA:41,0
DA:44,0
DA:50,1
DA:51,0
DA:55,0
DA:56,0
DA:57,0
DA:58,0
DA:61,0
DA:62,0
DA:63,0
DA:64,0
DA:68,0
DA:71,0
DA:72,0
DA:73,0
DA:74,0
DA:77,0
DA:78,0
DA:80,0
DA:82,0
DA:83,0
DA:85,0
DA:86,0
DA:92,0
DA:94,0
DA:99,0
DA:101,0
DA:105,0
DA:110,0
DA:111,0
DA:112,0
DA:114,0
DA:115,0
DA:121,0
LF:49
LH:2
BRDA:56,1,0,0
BRDA:56,1,1,0
BRDA:57,2,0,0
BRDA:57,2,1,0
BRDA:57,3,0,0
BRDA:57,3,1,0
BRDA:61,4,0,0
BRDA:61,4,1,0
BRDA:77,5,0,0
BRDA:77,5,1,0
BRDA:77,6,0,0
BRDA:77,6,1,0
BRDA:82,7,0,0
BRDA:82,7,1,0
BRDA:83,8,0,0
BRDA:83,8,1,0
BRDA:83,9,0,0
BRDA:83,9,1,0
BRDA:83,9,2,0
BRDA:92,10,0,0
BRDA:92,10,1,0
BRDA:96,11,0,0
BRDA:96,11,1,0
BRDA:111,12,0,0
BRDA:111,12,1,0
BRDA:111,13,0,0
BRDA:111,13,1,0
BRDA:114,14,0,0
BRDA:114,14,1,0
BRDA:117,15,0,0
BRDA:117,15,1,0
BRF:31
BRH:0
end_of_record
TN:
SF:/home/alexander/Documents/www/revsw-portal/code/dev/js/portal/dashboard/widgets/apps-analytics/mobile-tops/widgetsMobileTopsEditConfig.controller.js
FN:1,(anonymous_1)
FN:17,widgetsMobileTopsEditConfigController
FN:31,(anonymous_3)
FN:44,(anonymous_4)
FNF:4
FNH:0
FNDA:0,(anonymous_1)
FNDA:0,widgetsMobileTopsEditConfigController
FNDA:0,(anonymous_3)
FNDA:0,(anonymous_4)
DA:1,0
DA:4,0
DA:17,1
DA:18,0
DA:20,0
DA:26,0
DA:27,0
DA:28,0
DA:29,0
DA:31,0
DA:32,0
DA:33,0
DA:35,0
DA:44,0
DA:45,0
DA:53,0
LF:16
LH:1
BRDA:28,1,0,0
BRDA:28,1,1,0
BRDA:32,2,0,0
BRDA:32,2,1,0
BRDA:32,3,0,0
BRDA:32,3,1,0
BRDA:48,4,0,0
BRDA:48,4,1,0
BRDA:48,4,2,0
BRF:9
BRH:0
end_of_record
TN:
SF:/home/alexander/Documents/www/revsw-portal/code/dev/js/portal/dashboard/widgets/web-analytics/edge-cache-hit-miss-ratio/widgetEdgeCacheHitMissRatio.config.js
FN:1,(anonymous_1)
FN:8,configWidgetWebAnalyticsEdgeCacheHitMissRatio
FNF:2
FNH:0
FNDA:0,(anonymous_1)
FNDA:0,configWidgetWebAnalyticsEdgeCacheHitMissRatio
DA:1,0
DA:4,0
DA:8,1
DA:9,0
DA:10,0
LF:5
LH:1
BRF:0
BRH:0
end_of_record
TN:
SF:/home/alexander/Documents/www/revsw-portal/code/dev/js/portal/dashboard/widgets/web-analytics/edge-cache-hit-miss-ratio/widgetEdgeCacheHitMissRatio.controller.js
FN:1,(anonymous_1)
FN:7,widgetEdgeCacheHitMissRatioController
FN:13,generateFilterParams
FN:18,(anonymous_4)
FN:34,reloadCacheStatus
FN:38,(anonymous_6)
FN:41,(anonymous_7)
FN:55,(anonymous_8)
FNF:8
FNH:0
FNDA:0,(anonymous_1)
FNDA:0,widgetEdgeCacheHitMissRatioController
FNDA:0,generateFilterParams
FNDA:0,(anonymous_4)
FNDA:0,reloadCacheStatus
FNDA:0,(anonymous_6)
FNDA:0,(anonymous_7)
FNDA:0,(anonymous_8)
DA:1,0
DA:4,0
DA:7,1
DA:8,0
DA:9,0
DA:10,0
DA:11,0
DA:13,1
DA:14,0
DA:18,0
DA:19,0
DA:20,0
DA:21,0
DA:24,0
DA:25,0
DA:26,0
DA:27,0
DA:31,0
DA:34,1
DA:35,0
DA:36,0
DA:39,0
DA:40,0
DA:41,0
DA:42,0
DA:47,0
DA:49,0
DA:55,0
DA:56,0
DA:57,0
DA:59,0
DA:65,0
LF:32
LH:3
BRDA:19,1,0,0
BRDA:19,1,1,0
BRDA:20,2,0,0
BRDA:20,2,1,0
BRDA:20,3,0,0
BRDA:20,3,1,0
BRDA:24,4,0,0
BRDA:24,4,1,0
BRDA:39,5,0,0
BRDA:39,5,1,0
BRDA:39,6,0,0
BRDA:39,6,1,0
BRDA:47,7,0,0
BRDA:47,7,1,0
BRDA:47,8,0,0
BRDA:47,8,1,0
BRDA:47,8,2,0
BRDA:56,9,0,0
BRDA:56,9,1,0
BRF:19
BRH:0
end_of_record
TN:
SF:/home/alexander/Documents/www/revsw-portal/code/dev/js/portal/dashboard/widgets/web-analytics/ftb-average/widgetFTBAverage.config.js
FN:1,(anonymous_1)
FN:8,configWidgetWebAnalyticsFTBAverage
FNF:2
FNH:0
FNDA:0,(anonymous_1)
FNDA:0,configWidgetWebAnalyticsFTBAverage
DA:1,0
DA:4,0
DA:8,1
DA:9,0
DA:10,0
LF:5
LH:1
BRF:0
BRH:0
end_of_record
TN:
SF:/home/alexander/Documents/www/revsw-portal/code/dev/js/portal/dashboard/widgets/web-analytics/ftb-average/widgetFTBAverage.controller.js
FN:1,(anonymous_1)
FN:7,widgetFTBAverageController
FNF:2
FNH:0
FNDA:0,(anonymous_1)
FNDA:0,widgetFTBAverageController
DA:1,0
DA:4,0
DA:7,1
DA:8,0
DA:9,0
LF:5
LH:1
BRF:0
BRH:0
end_of_record
TN:
SF:/home/alexander/Documents/www/revsw-portal/code/dev/js/portal/dashboard/widgets/web-analytics/http-https-request-ratio/widgetHTTPHTTPSRequestsRatio.config.js
FN:1,(anonymous_1)
FN:8,configWidgetHTTPHTTPSRequestsRatio
FNF:2
FNH:0
FNDA:0,(anonymous_1)
FNDA:0,configWidgetHTTPHTTPSRequestsRatio
DA:1,0
DA:4,0
DA:8,1
DA:9,0
DA:10,0
LF:5
LH:1
BRF:0
BRH:0
end_of_record
TN:
SF:/home/alexander/Documents/www/revsw-portal/code/dev/js/portal/dashboard/widgets/web-analytics/http-https-request-ratio/widgetHTTPHTTPSRequestsRatio.controller.js
FN:1,(anonymous_1)
FN:7,widgetHTTPHTTPSRequestsRatioController
FN:13,generateFilterParams
FN:18,(anonymous_4)
FN:35,(anonymous_5)
FN:39,(anonymous_6)
FN:42,(anonymous_7)
FN:60,(anonymous_8)
FNF:8
FNH:0
FNDA:0,(anonymous_1)
FNDA:0,widgetHTTPHTTPSRequestsRatioController
FNDA:0,generateFilterParams
FNDA:0,(anonymous_4)
FNDA:0,(anonymous_5)
FNDA:0,(anonymous_6)
FNDA:0,(anonymous_7)
FNDA:0,(anonymous_8)
DA:1,0
DA:4,0
DA:7,1
DA:8,0
DA:9,0
DA:10,0
DA:11,0
DA:13,1
DA:14,0
DA:18,0
DA:19,0
DA:20,0
DA:21,0
DA:24,0
DA:25,0
DA:26,0
DA:27,0
DA:31,0
DA:35,0
DA:36,0
DA:37,0
DA:40,0
DA:41,0
DA:42,0
DA:43,0
DA:44,0
DA:45,0
DA:47,0
DA:48,0
DA:50,0
DA:55,0
DA:60,0
DA:61,0
DA:62,0
DA:64,0
DA:68,0
LF:36
LH:2
BRDA:19,1,0,0
BRDA:19,1,1,0
BRDA:20,2,0,0
BRDA:20,2,1,0
BRDA:20,3,0,0
BRDA:20,3,1,0
BRDA:24,4,0,0
BRDA:24,4,1,0
BRDA:40,5,0,0
BRDA:40,5,1,0
BRDA:40,6,0,0
BRDA:40,6,1,0
BRDA:44,7,0,0
BRDA:44,7,1,0
BRDA:44,8,0,0
BRDA:44,8,1,0
BRDA:47,9,0,0
BRDA:47,9,1,0
BRDA:47,10,0,0
BRDA:47,10,1,0
BRDA:61,11,0,0
BRDA:61,11,1,0
BRF:22
BRH:0
end_of_record
TN:
SF:/home/alexander/Documents/www/revsw-portal/code/dev/js/portal/dashboard/widgets/web-analytics/http-status-codes-graph/widgetHTTPStatusCodeLineGraph.config.js
FN:1,(anonymous_1)
FN:8,configWidgetWebAnalyticsHTTPStausCodesGraph
FNF:2
FNH:0
FNDA:0,(anonymous_1)
FNDA:0,configWidgetWebAnalyticsHTTPStausCodesGraph
DA:1,0
DA:4,0
DA:8,1
DA:9,0
DA:10,0
LF:5
LH:1
BRF:0
BRH:0
end_of_record
TN:
SF:/home/alexander/Documents/www/revsw-portal/code/dev/js/portal/dashboard/widgets/web-analytics/http-status-codes-graph/widgetHTTPStatusCodeLineGraph.controller.js
FN:1,(anonymous_1)
FN:7,widgetHTTPStatusCodeLineGraphController
FNF:2
FNH:0
FNDA:0,(anonymous_1)
FNDA:0,widgetHTTPStatusCodeLineGraphController
DA:1,0
DA:4,0
DA:7,1
DA:8,0
DA:9,0
LF:5
LH:1
BRF:0
BRH:0
end_of_record
TN:
SF:/home/alexander/Documents/www/revsw-portal/code/dev/js/portal/dashboard/widgets/web-analytics/imageengine-linechart-bytes-saved/widgetImageEngineLineChartByteSaved.config.js
FN:1,(anonymous_1)
FN:8,configWidgetImageengineLinechartBytesSaved
FNF:2
FNH:0
FNDA:0,(anonymous_1)
FNDA:0,configWidgetImageengineLinechartBytesSaved
DA:1,0
DA:4,0
DA:8,1
DA:9,0
DA:10,0
LF:5
LH:1
BRF:0
BRH:0
end_of_record
TN:
SF:/home/alexander/Documents/www/revsw-portal/code/dev/js/portal/dashboard/widgets/web-analytics/imageengine-linechart-bytes-saved/widgetImageEngineLineChartByteSaved.controller.js
FN:1,(anonymous_1)
FN:7,widgetImageEngineLinechartBytesSavedController
FNF:2
FNH:0
FNDA:0,(anonymous_1)
FNDA:0,widgetImageEngineLinechartBytesSavedController
DA:1,0
DA:4,0
DA:7,1
DA:8,0
DA:9,0
LF:5
LH:1
BRF:0
BRH:0
end_of_record
TN:
SF:/home/alexander/Documents/www/revsw-portal/code/dev/js/portal/dashboard/widgets/web-analytics/http-status-codes-ratio/widgetHTTPStatusCodesRatio.config.js
FN:1,(anonymous_1)
FN:8,configWidgetWebAnalyticsHTTPStatusCodesRatio
FNF:2
FNH:0
FNDA:0,(anonymous_1)
FNDA:0,configWidgetWebAnalyticsHTTPStatusCodesRatio
DA:1,0
DA:4,0
DA:8,1
DA:9,0
DA:10,0
LF:5
LH:1
BRF:0
BRH:0
end_of_record
TN:
SF:/home/alexander/Documents/www/revsw-portal/code/dev/js/portal/dashboard/widgets/web-analytics/http-status-codes-ratio/widgetHTTPStatusCodesRatio.controller.js
FN:1,(anonymous_1)
FN:7,widgetHTTPStatusCodesRatioController
FN:13,generateFilterParams
FN:18,(anonymous_4)
FN:35,reloadStatusCode
FN:39,(anonymous_6)
FN:42,(anonymous_7)
FN:53,(anonymous_8)
FNF:8
FNH:0
FNDA:0,(anonymous_1)
FNDA:0,widgetHTTPStatusCodesRatioController
FNDA:0,generateFilterParams
FNDA:0,(anonymous_4)
FNDA:0,reloadStatusCode
FNDA:0,(anonymous_6)
FNDA:0,(anonymous_7)
FNDA:0,(anonymous_8)
DA:1,0
DA:4,0
DA:7,1
DA:8,0
DA:9,0
DA:10,0
DA:11,0
DA:13,1
DA:14,0
DA:18,0
DA:19,0
DA:20,0
DA:21,0
DA:24,0
DA:25,0
DA:26,0
DA:27,0
DA:31,0
DA:35,1
DA:36,0
DA:37,0
DA:40,0
DA:41,0
DA:42,0
DA:43,0
DA:48,0
DA:53,0
DA:54,0
DA:55,0
DA:57,0
DA:62,0
LF:31
LH:3
BRDA:19,1,0,0
BRDA:19,1,1,0
BRDA:20,2,0,0
BRDA:20,2,1,0
BRDA:20,3,0,0
BRDA:20,3,1,0
BRDA:24,4,0,0
BRDA:24,4,1,0
BRDA:41,5,0,0
BRDA:41,5,1,0
BRDA:41,6,0,0
BRDA:41,6,1,0
BRDA:54,7,0,0
BRDA:54,7,1,0
BRF:14
BRH:0
end_of_record
TN:
SF:/home/alexander/Documents/www/revsw-portal/code/dev/js/portal/dashboard/widgets/web-analytics/imageengine-solidgauge-performance-improvement/imageengineSolidgaugePerformanceImprovement.config.js
FN:1,(anonymous_1)
FN:7,configWidgetImageengineSolidgaugePerformanceImprovement
FNF:2
FNH:0
FNDA:0,(anonymous_1)
FNDA:0,configWidgetImageengineSolidgaugePerformanceImprovement
DA:1,0
DA:4,0
DA:7,1
DA:8,0
DA:9,0
LF:5
LH:1
BRF:0
BRH:0
end_of_record
TN:
SF:/home/alexander/Documents/www/revsw-portal/code/dev/js/portal/dashboard/widgets/web-analytics/imageengine-solidgauge-performance-improvement/imageengineSolidgaugePerformanceImprovement.controller.js
FN:1,(anonymous_1)
FN:7,widgetImageengineSolidgaugePerformanceImprovementController
FNF:2
FNH:0
FNDA:0,(anonymous_1)
FNDA:0,widgetImageengineSolidgaugePerformanceImprovementController
DA:1,0
DA:4,0
DA:7,1
DA:8,0
DA:9,0
LF:5
LH:1
BRF:0
BRH:0
end_of_record
